<?xml version="1.0" encoding="UTF-8"?>
<coverage generated="1594959120785" clover="3.2.0">
  <project timestamp="1594959120785" name="All files">
    <metrics statements="458" coveredstatements="345" conditionals="231" coveredconditionals="196" methods="160" coveredmethods="80" elements="849" coveredelements="621" complexity="0" loc="458" ncloc="458" packages="5" files="16" classes="16"/>
    <package name="__stubs__">
      <metrics statements="3" coveredstatements="3" conditionals="0" coveredconditionals="0" methods="2" coveredmethods="2"/>
      <file name="navigation_stub.js" path="C:\Users\Joan Pastor\Desktop\FIB APP\FIB\__stubs__\navigation_stub.js">
        <metrics statements="2" coveredstatements="2" conditionals="0" coveredconditionals="0" methods="1" coveredmethods="1"/>
        <line num="3" count="1" type="stmt"/>
        <line num="6" count="1" type="stmt"/>
      </file>
      <file name="update_token.js" path="C:\Users\Joan Pastor\Desktop\FIB APP\FIB\__stubs__\update_token.js">
        <metrics statements="1" coveredstatements="1" conditionals="0" coveredconditionals="0" methods="1" coveredmethods="1"/>
        <line num="3" count="6" type="stmt"/>
      </file>
    </package>
    <package name="src">
      <metrics statements="30" coveredstatements="30" conditionals="0" coveredconditionals="0" methods="0" coveredmethods="0"/>
      <file name="external_links.js" path="C:\Users\Joan Pastor\Desktop\FIB APP\FIB\src\external_links.js">
        <metrics statements="30" coveredstatements="30" conditionals="0" coveredconditionals="0" methods="0" coveredmethods="0"/>
        <line num="2" count="9" type="stmt"/>
        <line num="3" count="9" type="stmt"/>
        <line num="4" count="9" type="stmt"/>
        <line num="5" count="9" type="stmt"/>
        <line num="6" count="9" type="stmt"/>
        <line num="7" count="9" type="stmt"/>
        <line num="10" count="9" type="stmt"/>
        <line num="11" count="9" type="stmt"/>
        <line num="12" count="9" type="stmt"/>
        <line num="13" count="9" type="stmt"/>
        <line num="14" count="9" type="stmt"/>
        <line num="15" count="9" type="stmt"/>
        <line num="16" count="9" type="stmt"/>
        <line num="17" count="9" type="stmt"/>
        <line num="18" count="9" type="stmt"/>
        <line num="19" count="9" type="stmt"/>
        <line num="21" count="9" type="stmt"/>
        <line num="23" count="9" type="stmt"/>
        <line num="24" count="9" type="stmt"/>
        <line num="25" count="9" type="stmt"/>
        <line num="26" count="9" type="stmt"/>
        <line num="27" count="9" type="stmt"/>
        <line num="28" count="9" type="stmt"/>
        <line num="29" count="9" type="stmt"/>
        <line num="30" count="9" type="stmt"/>
        <line num="31" count="9" type="stmt"/>
        <line num="32" count="9" type="stmt"/>
        <line num="33" count="9" type="stmt"/>
        <line num="34" count="9" type="stmt"/>
        <line num="36" count="9" type="stmt"/>
      </file>
    </package>
    <package name="src.actions">
      <metrics statements="53" coveredstatements="30" conditionals="10" coveredconditionals="5" methods="17" coveredmethods="1"/>
      <file name="index.js" path="C:\Users\Joan Pastor\Desktop\FIB APP\FIB\src\actions\index.js">
        <metrics statements="36" coveredstatements="15" conditionals="4" coveredconditionals="0" methods="15" coveredmethods="0"/>
        <line num="1" count="7" type="stmt"/>
        <line num="2" count="7" type="stmt"/>
        <line num="3" count="7" type="stmt"/>
        <line num="4" count="7" type="stmt"/>
        <line num="5" count="7" type="stmt"/>
        <line num="6" count="7" type="stmt"/>
        <line num="7" count="7" type="stmt"/>
        <line num="8" count="7" type="stmt"/>
        <line num="9" count="7" type="stmt"/>
        <line num="10" count="7" type="stmt"/>
        <line num="11" count="7" type="stmt"/>
        <line num="12" count="7" type="stmt"/>
        <line num="13" count="7" type="stmt"/>
        <line num="14" count="7" type="stmt"/>
        <line num="15" count="7" type="stmt"/>
        <line num="20" count="0" type="stmt"/>
        <line num="21" count="0" type="cond" truecount="0" falsecount="2"/>
        <line num="22" count="0" type="stmt"/>
        <line num="23" count="0" type="stmt"/>
        <line num="29" count="0" type="stmt"/>
        <line num="39" count="0" type="stmt"/>
        <line num="46" count="0" type="cond" truecount="0" falsecount="2"/>
        <line num="47" count="0" type="stmt"/>
        <line num="52" count="0" type="stmt"/>
        <line num="59" count="0" type="stmt"/>
        <line num="66" count="0" type="stmt"/>
        <line num="73" count="0" type="stmt"/>
        <line num="80" count="0" type="stmt"/>
        <line num="87" count="0" type="stmt"/>
        <line num="94" count="0" type="stmt"/>
        <line num="101" count="0" type="stmt"/>
        <line num="108" count="0" type="stmt"/>
        <line num="115" count="0" type="stmt"/>
        <line num="121" count="0" type="stmt"/>
        <line num="127" count="0" type="stmt"/>
        <line num="134" count="0" type="stmt"/>
      </file>
      <file name="updateToken.js" path="C:\Users\Joan Pastor\Desktop\FIB APP\FIB\src\actions\updateToken.js">
        <metrics statements="17" coveredstatements="15" conditionals="6" coveredconditionals="5" methods="2" coveredmethods="1"/>
        <line num="10" count="5" type="cond" truecount="2" falsecount="0"/>
        <line num="14" count="3" type="stmt"/>
        <line num="15" count="3" type="cond" truecount="2" falsecount="0"/>
        <line num="18" count="2" type="stmt"/>
        <line num="26" count="2" type="stmt"/>
        <line num="27" count="2" type="stmt"/>
        <line num="29" count="1" type="stmt"/>
        <line num="30" count="1" type="stmt"/>
        <line num="33" count="1" type="cond" truecount="1" falsecount="1"/>
        <line num="34" count="1" type="stmt"/>
        <line num="35" count="1" type="stmt"/>
        <line num="37" count="0" type="stmt"/>
        <line num="38" count="1" type="stmt"/>
        <line num="40" count="0" type="stmt"/>
        <line num="45" count="1" type="stmt"/>
        <line num="46" count="1" type="stmt"/>
        <line num="48" count="2" type="stmt"/>
      </file>
    </package>
    <package name="src.components.navigation">
      <metrics statements="371" coveredstatements="281" conditionals="221" coveredconditionals="191" methods="141" coveredmethods="77"/>
      <file name="Assignatures.js" path="C:\Users\Joan Pastor\Desktop\FIB APP\FIB\src\components\navigation\Assignatures.js">
        <metrics statements="34" coveredstatements="28" conditionals="22" coveredconditionals="20" methods="16" coveredmethods="12"/>
        <line num="15" count="6" type="stmt"/>
        <line num="16" count="6" type="stmt"/>
        <line num="18" count="6" type="stmt"/>
        <line num="22" count="6" type="stmt"/>
        <line num="26" count="3" type="stmt"/>
        <line num="27" count="3" type="stmt"/>
        <line num="28" count="9" type="cond" truecount="2" falsecount="0"/>
        <line num="29" count="3" type="stmt"/>
        <line num="36" count="6" type="stmt"/>
        <line num="44" count="3" type="stmt"/>
        <line num="48" count="6" type="stmt"/>
        <line num="49" count="6" type="cond" truecount="1" falsecount="1"/>
        <line num="50" count="0" type="stmt"/>
        <line num="57" count="6" type="stmt"/>
        <line num="59" count="6" type="stmt"/>
        <line num="60" count="6" type="stmt"/>
        <line num="65" count="6" type="stmt"/>
        <line num="66" count="6" type="stmt"/>
        <line num="67" count="10" type="stmt"/>
        <line num="72" count="0" type="stmt"/>
        <line num="73" count="0" type="stmt"/>
        <line num="87" count="0" type="stmt"/>
        <line num="88" count="0" type="stmt"/>
        <line num="127" count="6" type="stmt"/>
        <line num="131" count="3" type="cond" truecount="4" falsecount="0"/>
        <line num="133" count="2" type="stmt"/>
        <line num="134" count="2" type="stmt"/>
        <line num="135" count="2" type="stmt"/>
        <line num="138" count="1" type="stmt"/>
        <line num="139" count="1" type="stmt"/>
        <line num="147" count="7" type="cond" truecount="4" falsecount="0"/>
        <line num="148" count="4" type="stmt"/>
        <line num="154" count="3" type="stmt"/>
        <line num="164" count="0" type="stmt"/>
      </file>
      <file name="Avisos.js" path="C:\Users\Joan Pastor\Desktop\FIB APP\FIB\src\components\navigation\Avisos.js">
        <metrics statements="127" coveredstatements="98" conditionals="117" coveredconditionals="107" methods="35" coveredmethods="19"/>
        <line num="20" count="15" type="stmt"/>
        <line num="21" count="15" type="stmt"/>
        <line num="24" count="15" type="stmt"/>
        <line num="25" count="15" type="stmt"/>
        <line num="29" count="10" type="stmt"/>
        <line num="30" count="10" type="stmt"/>
        <line num="31" count="10" type="stmt"/>
        <line num="32" count="10" type="stmt"/>
        <line num="33" count="47" type="stmt"/>
        <line num="34" count="47" type="stmt"/>
        <line num="37" count="0" type="stmt"/>
        <line num="46" count="10" type="stmt"/>
        <line num="58" count="11" type="stmt"/>
        <line num="59" count="11" type="stmt"/>
        <line num="60" count="28" type="cond" truecount="4" falsecount="0"/>
        <line num="61" count="25" type="stmt"/>
        <line num="67" count="11" type="stmt"/>
        <line num="70" count="35" type="cond" truecount="1" falsecount="1"/>
        <line num="71" count="0" type="stmt"/>
        <line num="72" count="35" type="cond" truecount="2" falsecount="0"/>
        <line num="73" count="8" type="stmt"/>
        <line num="74" count="35" type="cond" truecount="3" falsecount="1"/>
        <line num="76" count="11" type="stmt"/>
        <line num="80" count="7" type="stmt"/>
        <line num="83" count="0" type="stmt"/>
        <line num="84" count="0" type="stmt"/>
        <line num="86" count="0" type="stmt"/>
        <line num="94" count="2" type="stmt"/>
        <line num="96" count="0" type="stmt"/>
        <line num="114" count="13" type="stmt"/>
        <line num="115" count="13" type="cond" truecount="2" falsecount="0"/>
        <line num="116" count="4" type="stmt"/>
        <line num="117" count="6" type="stmt"/>
        <line num="119" count="0" type="stmt"/>
        <line num="121" count="0" type="stmt"/>
        <line num="135" count="0" type="cond" truecount="0" falsecount="2"/>
        <line num="137" count="0" type="stmt"/>
        <line num="140" count="0" type="stmt"/>
        <line num="142" count="0" type="stmt"/>
        <line num="153" count="4" type="stmt"/>
        <line num="160" count="9" type="stmt"/>
        <line num="164" count="8" type="stmt"/>
        <line num="165" count="8" type="stmt"/>
        <line num="166" count="8" type="stmt"/>
        <line num="167" count="8" type="stmt"/>
        <line num="168" count="8" type="stmt"/>
        <line num="169" count="8" type="stmt"/>
        <line num="172" count="0" type="stmt"/>
        <line num="177" count="41" type="cond" truecount="2" falsecount="0"/>
        <line num="178" count="40" type="cond" truecount="2" falsecount="0"/>
        <line num="179" count="39" type="cond" truecount="2" falsecount="0"/>
        <line num="180" count="38" type="cond" truecount="2" falsecount="0"/>
        <line num="182" count="37" type="cond" truecount="2" falsecount="0"/>
        <line num="183" count="36" type="cond" truecount="2" falsecount="0"/>
        <line num="184" count="35" type="cond" truecount="2" falsecount="0"/>
        <line num="185" count="34" type="cond" truecount="2" falsecount="0"/>
        <line num="186" count="33" type="cond" truecount="2" falsecount="0"/>
        <line num="187" count="32" type="cond" truecount="2" falsecount="0"/>
        <line num="188" count="31" type="cond" truecount="2" falsecount="0"/>
        <line num="189" count="30" type="cond" truecount="2" falsecount="0"/>
        <line num="190" count="29" type="cond" truecount="2" falsecount="0"/>
        <line num="191" count="28" type="cond" truecount="2" falsecount="0"/>
        <line num="192" count="27" type="cond" truecount="2" falsecount="0"/>
        <line num="193" count="26" type="cond" truecount="2" falsecount="0"/>
        <line num="195" count="25" type="cond" truecount="2" falsecount="0"/>
        <line num="196" count="24" type="cond" truecount="2" falsecount="0"/>
        <line num="197" count="23" type="cond" truecount="2" falsecount="0"/>
        <line num="198" count="22" type="cond" truecount="2" falsecount="0"/>
        <line num="199" count="21" type="cond" truecount="2" falsecount="0"/>
        <line num="200" count="20" type="cond" truecount="2" falsecount="0"/>
        <line num="201" count="19" type="cond" truecount="2" falsecount="0"/>
        <line num="202" count="18" type="cond" truecount="2" falsecount="0"/>
        <line num="203" count="17" type="cond" truecount="2" falsecount="0"/>
        <line num="204" count="16" type="cond" truecount="2" falsecount="0"/>
        <line num="206" count="15" type="cond" truecount="2" falsecount="0"/>
        <line num="207" count="14" type="cond" truecount="2" falsecount="0"/>
        <line num="208" count="13" type="cond" truecount="2" falsecount="0"/>
        <line num="209" count="12" type="cond" truecount="2" falsecount="0"/>
        <line num="210" count="11" type="cond" truecount="2" falsecount="0"/>
        <line num="211" count="10" type="cond" truecount="2" falsecount="0"/>
        <line num="212" count="9" type="cond" truecount="2" falsecount="0"/>
        <line num="213" count="8" type="cond" truecount="2" falsecount="0"/>
        <line num="214" count="7" type="cond" truecount="2" falsecount="0"/>
        <line num="215" count="6" type="cond" truecount="2" falsecount="0"/>
        <line num="217" count="5" type="cond" truecount="2" falsecount="0"/>
        <line num="218" count="4" type="cond" truecount="2" falsecount="0"/>
        <line num="219" count="3" type="cond" truecount="2" falsecount="0"/>
        <line num="220" count="2" type="cond" truecount="2" falsecount="0"/>
        <line num="222" count="1" type="stmt"/>
        <line num="227" count="10" type="stmt"/>
        <line num="228" count="10" type="cond" truecount="1" falsecount="1"/>
        <line num="232" count="10" type="stmt"/>
        <line num="233" count="10" type="stmt"/>
        <line num="234" count="10" type="stmt"/>
        <line num="235" count="10" type="cond" truecount="2" falsecount="0"/>
        <line num="236" count="4" type="stmt"/>
        <line num="241" count="0" type="stmt"/>
        <line num="243" count="4" type="stmt"/>
        <line num="244" count="4" type="stmt"/>
        <line num="246" count="10" type="stmt"/>
        <line num="249" count="0" type="stmt"/>
        <line num="250" count="0" type="stmt"/>
        <line num="270" count="0" type="stmt"/>
        <line num="271" count="0" type="stmt"/>
        <line num="278" count="0" type="cond" truecount="0" falsecount="2"/>
        <line num="281" count="0" type="stmt"/>
        <line num="284" count="0" type="stmt"/>
        <line num="286" count="0" type="stmt"/>
        <line num="287" count="0" type="stmt"/>
        <line num="294" count="0" type="cond" truecount="0" falsecount="2"/>
        <line num="297" count="0" type="stmt"/>
        <line num="300" count="0" type="stmt"/>
        <line num="305" count="2" type="stmt"/>
        <line num="306" count="2" type="stmt"/>
        <line num="307" count="2" type="stmt"/>
        <line num="310" count="1" type="stmt"/>
        <line num="311" count="1" type="stmt"/>
        <line num="312" count="1" type="stmt"/>
        <line num="313" count="1" type="stmt"/>
        <line num="314" count="0" type="stmt"/>
        <line num="318" count="1" type="stmt"/>
        <line num="331" count="17" type="cond" truecount="5" falsecount="0"/>
        <line num="332" count="7" type="stmt"/>
        <line num="340" count="10" type="cond" truecount="3" falsecount="1"/>
        <line num="341" count="0" type="stmt"/>
        <line num="347" count="10" type="stmt"/>
        <line num="356" count="0" type="stmt"/>
      </file>
      <file name="Drawer.js" path="C:\Users\Joan Pastor\Desktop\FIB APP\FIB\src\components\navigation\Drawer.js">
        <metrics statements="19" coveredstatements="9" conditionals="8" coveredconditionals="8" methods="13" coveredmethods="4"/>
        <line num="14" count="1" type="stmt"/>
        <line num="15" count="1" type="stmt"/>
        <line num="18" count="1" type="stmt"/>
        <line num="21" count="4" type="stmt"/>
        <line num="44" count="4" type="cond" truecount="4" falsecount="0"/>
        <line num="45" count="1" type="stmt"/>
        <line num="46" count="1" type="stmt"/>
        <line num="49" count="0" type="stmt"/>
        <line num="50" count="0" type="stmt"/>
        <line num="56" count="4" type="stmt"/>
        <line num="57" count="4" type="stmt"/>
        <line num="63" count="0" type="stmt"/>
        <line num="69" count="0" type="stmt"/>
        <line num="75" count="0" type="stmt"/>
        <line num="81" count="0" type="stmt"/>
        <line num="87" count="0" type="stmt"/>
        <line num="93" count="0" type="stmt"/>
        <line num="99" count="0" type="stmt"/>
        <line num="117" count="0" type="stmt"/>
      </file>
      <file name="Events.js" path="C:\Users\Joan Pastor\Desktop\FIB APP\FIB\src\components\navigation\Events.js">
        <metrics statements="51" coveredstatements="40" conditionals="34" coveredconditionals="23" methods="15" coveredmethods="13"/>
        <line num="11" count="10" type="stmt"/>
        <line num="12" count="9" type="stmt"/>
        <line num="13" count="1800" type="stmt"/>
        <line num="15" count="4" type="stmt"/>
        <line num="23" count="9" type="stmt"/>
        <line num="27" count="9" type="stmt"/>
        <line num="28" count="74" type="cond" truecount="6" falsecount="0"/>
        <line num="29" count="24" type="cond" truecount="4" falsecount="0"/>
        <line num="30" count="4" type="stmt"/>
        <line num="36" count="4" type="stmt"/>
        <line num="43" count="20" type="cond" truecount="4" falsecount="0"/>
        <line num="44" count="4" type="stmt"/>
        <line num="45" count="4" type="stmt"/>
        <line num="46" count="4" type="stmt"/>
        <line num="48" count="10" type="stmt"/>
        <line num="49" count="10" type="stmt"/>
        <line num="50" count="10" type="stmt"/>
        <line num="51" count="10" type="stmt"/>
        <line num="52" count="10" type="cond" truecount="1" falsecount="1"/>
        <line num="53" count="10" type="cond" truecount="2" falsecount="0"/>
        <line num="54" count="10" type="stmt"/>
        <line num="61" count="4" type="stmt"/>
        <line num="69" count="16" type="stmt"/>
        <line num="76" count="9" type="stmt"/>
        <line num="78" count="9" type="stmt"/>
        <line num="82" count="9" type="stmt"/>
        <line num="85" count="23" type="stmt"/>
        <line num="86" count="23" type="cond" truecount="2" falsecount="0"/>
        <line num="87" count="1" type="cond" truecount="1" falsecount="1"/>
        <line num="88" count="0" type="stmt"/>
        <line num="90" count="9" type="stmt"/>
        <line num="108" count="8" type="stmt"/>
        <line num="110" count="8" type="stmt"/>
        <line num="112" count="8" type="stmt"/>
        <line num="113" count="8" type="stmt"/>
        <line num="117" count="2" type="stmt"/>
        <line num="118" count="2" type="stmt"/>
        <line num="119" count="2" type="stmt"/>
        <line num="121" count="0" type="stmt"/>
        <line num="126" count="7" type="cond" truecount="3" falsecount="1"/>
        <line num="127" count="0" type="stmt"/>
        <line num="134" count="7" type="stmt"/>
        <line num="135" count="0" type="cond" truecount="0" falsecount="2"/>
        <line num="136" count="0" type="stmt"/>
        <line num="143" count="0" type="cond" truecount="0" falsecount="2"/>
        <line num="144" count="0" type="stmt"/>
        <line num="151" count="0" type="cond" truecount="0" falsecount="2"/>
        <line num="152" count="0" type="stmt"/>
        <line num="159" count="0" type="stmt"/>
        <line num="162" count="7" type="stmt"/>
        <line num="173" count="0" type="stmt"/>
      </file>
      <file name="ExternalLinks.js" path="C:\Users\Joan Pastor\Desktop\FIB APP\FIB\src\components\navigation\ExternalLinks.js">
        <metrics statements="15" coveredstatements="3" conditionals="0" coveredconditionals="0" methods="14" coveredmethods="2"/>
        <line num="8" count="1" type="stmt"/>
        <line num="14" count="1" type="stmt"/>
        <line num="21" count="0" type="stmt"/>
        <line num="26" count="0" type="stmt"/>
        <line num="36" count="0" type="stmt"/>
        <line num="39" count="0" type="stmt"/>
        <line num="42" count="0" type="stmt"/>
        <line num="45" count="0" type="stmt"/>
        <line num="55" count="0" type="stmt"/>
        <line num="58" count="0" type="stmt"/>
        <line num="61" count="0" type="stmt"/>
        <line num="64" count="0" type="stmt"/>
        <line num="67" count="0" type="stmt"/>
        <line num="70" count="0" type="stmt"/>
        <line num="84" count="1" type="stmt"/>
      </file>
      <file name="Feedback.js" path="C:\Users\Joan Pastor\Desktop\FIB APP\FIB\src\components\navigation\Feedback.js">
        <metrics statements="5" coveredstatements="2" conditionals="0" coveredconditionals="0" methods="4" coveredmethods="1"/>
        <line num="14" count="0" type="stmt"/>
        <line num="16" count="0" type="stmt"/>
        <line num="20" count="0" type="stmt"/>
        <line num="24" count="1" type="stmt"/>
        <line num="25" count="1" type="stmt"/>
      </file>
      <file name="Horari.js" path="C:\Users\Joan Pastor\Desktop\FIB APP\FIB\src\components\navigation\Horari.js">
        <metrics statements="66" coveredstatements="60" conditionals="36" coveredconditionals="31" methods="13" coveredmethods="9"/>
        <line num="10" count="11" type="stmt"/>
        <line num="12" count="11" type="stmt"/>
        <line num="17" count="11" type="stmt"/>
        <line num="34" count="11" type="stmt"/>
        <line num="35" count="11" type="cond" truecount="1" falsecount="1"/>
        <line num="37" count="11" type="stmt"/>
        <line num="38" count="11" type="cond" truecount="4" falsecount="0"/>
        <line num="39" count="7" type="stmt"/>
        <line num="41" count="11" type="stmt"/>
        <line num="42" count="11" type="stmt"/>
        <line num="43" count="11" type="stmt"/>
        <line num="45" count="11" type="stmt"/>
        <line num="63" count="14" type="stmt"/>
        <line num="64" count="14" type="stmt"/>
        <line num="65" count="14" type="stmt"/>
        <line num="66" count="14" type="stmt"/>
        <line num="67" count="14" type="stmt"/>
        <line num="68" count="14" type="stmt"/>
        <line num="69" count="14" type="stmt"/>
        <line num="70" count="14" type="stmt"/>
        <line num="71" count="14" type="cond" truecount="4" falsecount="0"/>
        <line num="72" count="10" type="stmt"/>
        <line num="73" count="25" type="cond" truecount="2" falsecount="0"/>
        <line num="74" count="17" type="stmt"/>
        <line num="75" count="17" type="stmt"/>
        <line num="77" count="25" type="stmt"/>
        <line num="78" count="50" type="cond" truecount="2" falsecount="0"/>
        <line num="79" count="44" type="stmt"/>
        <line num="81" count="6" type="cond" truecount="1" falsecount="1"/>
        <line num="82" count="0" type="stmt"/>
        <line num="85" count="6" type="stmt"/>
        <line num="90" count="14" type="stmt"/>
        <line num="94" count="11" type="stmt"/>
        <line num="95" count="11" type="stmt"/>
        <line num="96" count="11" type="cond" truecount="1" falsecount="1"/>
        <line num="98" count="11" type="stmt"/>
        <line num="99" count="11" type="stmt"/>
        <line num="100" count="143" type="cond" truecount="2" falsecount="0"/>
        <line num="101" count="143" type="stmt"/>
        <line num="111" count="11" type="stmt"/>
        <line num="117" count="722" type="stmt"/>
        <line num="118" count="722" type="cond" truecount="1" falsecount="1"/>
        <line num="119" count="0" type="stmt"/>
        <line num="121" count="722" type="cond" truecount="2" falsecount="0"/>
        <line num="122" count="37" type="cond" truecount="2" falsecount="0"/>
        <line num="123" count="6" type="stmt"/>
        <line num="124" count="6" type="stmt"/>
        <line num="125" count="12" type="stmt"/>
        <line num="129" count="6" type="stmt"/>
        <line num="130" count="0" type="stmt"/>
        <line num="137" count="31" type="cond" truecount="4" falsecount="0"/>
        <line num="138" count="20" type="stmt"/>
        <line num="139" count="0" type="stmt"/>
        <line num="146" count="11" type="stmt"/>
        <line num="147" count="0" type="stmt"/>
        <line num="155" count="685" type="stmt"/>
        <line num="159" count="3" type="cond" truecount="2" falsecount="0"/>
        <line num="160" count="2" type="stmt"/>
        <line num="161" count="2" type="stmt"/>
        <line num="162" count="2" type="stmt"/>
        <line num="163" count="5" type="cond" truecount="2" falsecount="0"/>
        <line num="164" count="3" type="stmt"/>
        <line num="166" count="5" type="stmt"/>
        <line num="168" count="2" type="stmt"/>
        <line num="171" count="1" type="stmt"/>
        <line num="177" count="0" type="stmt"/>
      </file>
      <file name="Labs.js" path="C:\Users\Joan Pastor\Desktop\FIB APP\FIB\src\components\navigation\Labs.js">
        <metrics statements="14" coveredstatements="12" conditionals="2" coveredconditionals="1" methods="9" coveredmethods="6"/>
        <line num="12" count="1" type="stmt"/>
        <line num="13" count="1" type="stmt"/>
        <line num="17" count="1" type="stmt"/>
        <line num="21" count="1" type="stmt"/>
        <line num="25" count="2" type="stmt"/>
        <line num="26" count="2" type="stmt"/>
        <line num="27" count="2" type="stmt"/>
        <line num="28" count="2" type="cond" truecount="1" falsecount="1"/>
        <line num="29" count="2" type="stmt"/>
        <line num="30" count="6" type="stmt"/>
        <line num="43" count="2" type="stmt"/>
        <line num="47" count="2" type="stmt"/>
        <line num="50" count="0" type="stmt"/>
        <line num="61" count="0" type="stmt"/>
      </file>
      <file name="Noticies.js" path="C:\Users\Joan Pastor\Desktop\FIB APP\FIB\src\components\navigation\Noticies.js">
        <metrics statements="38" coveredstatements="27" conditionals="2" coveredconditionals="1" methods="20" coveredmethods="9"/>
        <line num="18" count="7" type="stmt"/>
        <line num="19" count="7" type="stmt"/>
        <line num="22" count="7" type="stmt"/>
        <line num="23" count="7" type="stmt"/>
        <line num="27" count="1" type="stmt"/>
        <line num="28" count="1" type="stmt"/>
        <line num="29" count="1" type="stmt"/>
        <line num="30" count="1" type="stmt"/>
        <line num="32" count="0" type="stmt"/>
        <line num="55" count="11" type="stmt"/>
        <line num="56" count="11" type="cond" truecount="1" falsecount="1"/>
        <line num="57" count="11" type="stmt"/>
        <line num="59" count="26" type="stmt"/>
        <line num="60" count="26" type="stmt"/>
        <line num="61" count="26" type="stmt"/>
        <line num="64" count="26" type="stmt"/>
        <line num="65" count="26" type="stmt"/>
        <line num="66" count="26" type="stmt"/>
        <line num="69" count="26" type="stmt"/>
        <line num="70" count="26" type="stmt"/>
        <line num="71" count="26" type="stmt"/>
        <line num="74" count="26" type="stmt"/>
        <line num="85" count="11" type="stmt"/>
        <line num="89" count="2" type="stmt"/>
        <line num="90" count="2" type="stmt"/>
        <line num="91" count="2" type="stmt"/>
        <line num="93" count="1" type="stmt"/>
        <line num="94" count="0" type="stmt"/>
        <line num="99" count="0" type="stmt"/>
        <line num="108" count="8" type="stmt"/>
        <line num="112" count="0" type="stmt"/>
        <line num="113" count="0" type="stmt"/>
        <line num="115" count="0" type="stmt"/>
        <line num="120" count="0" type="stmt"/>
        <line num="121" count="0" type="stmt"/>
        <line num="125" count="0" type="stmt"/>
        <line num="133" count="0" type="stmt"/>
        <line num="143" count="0" type="stmt"/>
      </file>
      <file name="SalesBibl.js" path="C:\Users\Joan Pastor\Desktop\FIB APP\FIB\src\components\navigation\SalesBibl.js">
        <metrics statements="2" coveredstatements="2" conditionals="0" coveredconditionals="0" methods="2" coveredmethods="2"/>
        <line num="13" count="1" type="stmt"/>
        <line num="25" count="1" type="stmt"/>
      </file>
    </package>
    <package name="static">
      <metrics statements="1" coveredstatements="1" conditionals="0" coveredconditionals="0" methods="0" coveredmethods="0"/>
      <file name="fondo2.png" path="C:\Users\Joan Pastor\Desktop\FIB APP\FIB\static\fondo2.png">
        <metrics statements="1" coveredstatements="1" conditionals="0" coveredconditionals="0" methods="0" coveredmethods="0"/>
        <line num="1" count="1" type="stmt"/>
      </file>
    </package>
  </project>
</coverage>
