{"C:\\Users\\Joan Pastor\\Desktop\\FIB APP\\FIB\\__stubs__\\navigation_stub.js": {"path":"C:\\Users\\Joan Pastor\\Desktop\\FIB APP\\FIB\\__stubs__\\navigation_stub.js","statementMap":{"0":{"start":{"line":3,"column":26},"end":{"line":8,"column":1}},"1":{"start":{"line":6,"column":8},"end":{"line":6,"column":22}}},"fnMap":{"0":{"name":"(anonymous_0)","decl":{"start":{"line":4,"column":14},"end":{"line":4,"column":15}},"loc":{"start":{"line":4,"column":26},"end":{"line":7,"column":5}},"line":4}},"branchMap":{},"s":{"0":1,"1":1},"f":{"0":1},"b":{},"_coverageSchema":"43e27e138ebf9cfc5966b082cf9a028302ed4184","hash":"4d4ac6417f6851d7b63fadfe38c77d8923b8f584"}
,"C:\\Users\\Joan Pastor\\Desktop\\FIB APP\\FIB\\__stubs__\\update_token.js": {"path":"C:\\Users\\Joan Pastor\\Desktop\\FIB APP\\FIB\\__stubs__\\update_token.js","statementMap":{"0":{"start":{"line":3,"column":4},"end":{"line":3,"column":25}}},"fnMap":{"0":{"name":"updateToken","decl":{"start":{"line":2,"column":30},"end":{"line":2,"column":41}},"loc":{"start":{"line":2,"column":44},"end":{"line":4,"column":1}},"line":2}},"branchMap":{},"s":{"0":6},"f":{"0":6},"b":{},"_coverageSchema":"43e27e138ebf9cfc5966b082cf9a028302ed4184","hash":"6084d65196b453e05a7f593e90a038eb32c938da"}
,"C:\\Users\\Joan Pastor\\Desktop\\FIB APP\\FIB\\src\\external_links.js": {"path":"C:\\Users\\Joan Pastor\\Desktop\\FIB APP\\FIB\\src\\external_links.js","statementMap":{"0":{"start":{"line":2,"column":23},"end":{"line":2,"column":63}},"1":{"start":{"line":3,"column":24},"end":{"line":3,"column":60}},"2":{"start":{"line":4,"column":24},"end":{"line":4,"column":66}},"3":{"start":{"line":5,"column":28},"end":{"line":5,"column":158}},"4":{"start":{"line":6,"column":27},"end":{"line":6,"column":46}},"5":{"start":{"line":7,"column":25},"end":{"line":7,"column":69}},"6":{"start":{"line":10,"column":21},"end":{"line":10,"column":53}},"7":{"start":{"line":11,"column":23},"end":{"line":11,"column":63}},"8":{"start":{"line":12,"column":25},"end":{"line":12,"column":64}},"9":{"start":{"line":13,"column":25},"end":{"line":13,"column":65}},"10":{"start":{"line":14,"column":24},"end":{"line":14,"column":69}},"11":{"start":{"line":15,"column":27},"end":{"line":15,"column":65}},"12":{"start":{"line":16,"column":26},"end":{"line":16,"column":75}},"13":{"start":{"line":17,"column":26},"end":{"line":17,"column":76}},"14":{"start":{"line":18,"column":25},"end":{"line":18,"column":61}},"15":{"start":{"line":19,"column":29},"end":{"line":19,"column":72}},"16":{"start":{"line":21,"column":31},"end":{"line":21,"column":544}},"17":{"start":{"line":23,"column":25},"end":{"line":23,"column":55}},"18":{"start":{"line":24,"column":32},"end":{"line":24,"column":99}},"19":{"start":{"line":25,"column":27},"end":{"line":25,"column":117}},"20":{"start":{"line":26,"column":26},"end":{"line":26,"column":91}},"21":{"start":{"line":27,"column":29},"end":{"line":27,"column":94}},"22":{"start":{"line":28,"column":27},"end":{"line":28,"column":86}},"23":{"start":{"line":29,"column":29},"end":{"line":29,"column":119}},"24":{"start":{"line":30,"column":26},"end":{"line":30,"column":59}},"25":{"start":{"line":31,"column":26},"end":{"line":31,"column":61}},"26":{"start":{"line":32,"column":25},"end":{"line":32,"column":75}},"27":{"start":{"line":33,"column":26},"end":{"line":33,"column":79}},"28":{"start":{"line":34,"column":23},"end":{"line":34,"column":54}},"29":{"start":{"line":36,"column":29},"end":{"line":36,"column":87}}},"fnMap":{},"branchMap":{},"s":{"0":9,"1":9,"2":9,"3":9,"4":9,"5":9,"6":9,"7":9,"8":9,"9":9,"10":9,"11":9,"12":9,"13":9,"14":9,"15":9,"16":9,"17":9,"18":9,"19":9,"20":9,"21":9,"22":9,"23":9,"24":9,"25":9,"26":9,"27":9,"28":9,"29":9},"f":{},"b":{},"_coverageSchema":"43e27e138ebf9cfc5966b082cf9a028302ed4184","hash":"2572af807ba580b4c9b19406471f20be822d3fce"}
,"C:\\Users\\Joan Pastor\\Desktop\\FIB APP\\FIB\\src\\actions\\index.js": {"path":"C:\\Users\\Joan Pastor\\Desktop\\FIB APP\\FIB\\src\\actions\\index.js","statementMap":{"0":{"start":{"line":1,"column":25},"end":{"line":1,"column":36}},"1":{"start":{"line":2,"column":24},"end":{"line":2,"column":34}},"2":{"start":{"line":3,"column":26},"end":{"line":3,"column":38}},"3":{"start":{"line":4,"column":28},"end":{"line":4,"column":42}},"4":{"start":{"line":5,"column":29},"end":{"line":5,"column":44}},"5":{"start":{"line":6,"column":22},"end":{"line":6,"column":30}},"6":{"start":{"line":7,"column":22},"end":{"line":7,"column":30}},"7":{"start":{"line":8,"column":21},"end":{"line":8,"column":28}},"8":{"start":{"line":9,"column":24},"end":{"line":9,"column":34}},"9":{"start":{"line":10,"column":23},"end":{"line":10,"column":32}},"10":{"start":{"line":11,"column":29},"end":{"line":11,"column":44}},"11":{"start":{"line":12,"column":23},"end":{"line":12,"column":32}},"12":{"start":{"line":13,"column":22},"end":{"line":13,"column":30}},"13":{"start":{"line":14,"column":26},"end":{"line":14,"column":38}},"14":{"start":{"line":15,"column":24},"end":{"line":15,"column":34}},"15":{"start":{"line":20,"column":22},"end":{"line":20,"column":46}},"16":{"start":{"line":21,"column":4},"end":{"line":33,"column":5}},"17":{"start":{"line":22,"column":21},"end":{"line":22,"column":45}},"18":{"start":{"line":23,"column":8},"end":{"line":26,"column":10}},"19":{"start":{"line":29,"column":8},"end":{"line":32,"column":10}},"20":{"start":{"line":39,"column":4},"end":{"line":42,"column":6}},"21":{"start":{"line":46,"column":4},"end":{"line":51,"column":5}},"22":{"start":{"line":47,"column":8},"end":{"line":50,"column":9}},"23":{"start":{"line":52,"column":4},"end":{"line":55,"column":6}},"24":{"start":{"line":59,"column":4},"end":{"line":62,"column":5}},"25":{"start":{"line":66,"column":4},"end":{"line":69,"column":5}},"26":{"start":{"line":73,"column":4},"end":{"line":76,"column":5}},"27":{"start":{"line":80,"column":4},"end":{"line":83,"column":5}},"28":{"start":{"line":87,"column":4},"end":{"line":90,"column":5}},"29":{"start":{"line":94,"column":4},"end":{"line":97,"column":5}},"30":{"start":{"line":101,"column":4},"end":{"line":104,"column":5}},"31":{"start":{"line":108,"column":4},"end":{"line":111,"column":5}},"32":{"start":{"line":115,"column":4},"end":{"line":118,"column":5}},"33":{"start":{"line":121,"column":4},"end":{"line":124,"column":5}},"34":{"start":{"line":127,"column":4},"end":{"line":130,"column":5}},"35":{"start":{"line":134,"column":4},"end":{"line":137,"column":5}}},"fnMap":{"0":{"name":"getCode","decl":{"start":{"line":19,"column":16},"end":{"line":19,"column":23}},"loc":{"start":{"line":19,"column":29},"end":{"line":34,"column":1}},"line":19},"1":{"name":"getToken","decl":{"start":{"line":36,"column":16},"end":{"line":36,"column":24}},"loc":{"start":{"line":36,"column":32},"end":{"line":43,"column":1}},"line":36},"2":{"name":"tokenToRedux","decl":{"start":{"line":45,"column":16},"end":{"line":45,"column":28}},"loc":{"start":{"line":45,"column":36},"end":{"line":56,"column":1}},"line":45},"3":{"name":"deleteToken","decl":{"start":{"line":58,"column":16},"end":{"line":58,"column":27}},"loc":{"start":{"line":58,"column":30},"end":{"line":63,"column":1}},"line":58},"4":{"name":"updateConnexion","decl":{"start":{"line":65,"column":16},"end":{"line":65,"column":31}},"loc":{"start":{"line":65,"column":35},"end":{"line":70,"column":1}},"line":65},"5":{"name":"avisosToRedux","decl":{"start":{"line":72,"column":16},"end":{"line":72,"column":29}},"loc":{"start":{"line":72,"column":36},"end":{"line":77,"column":1}},"line":72},"6":{"name":"horariToRedux","decl":{"start":{"line":79,"column":16},"end":{"line":79,"column":29}},"loc":{"start":{"line":79,"column":36},"end":{"line":84,"column":1}},"line":79},"7":{"name":"assigToRedux","decl":{"start":{"line":86,"column":16},"end":{"line":86,"column":28}},"loc":{"start":{"line":86,"column":35},"end":{"line":91,"column":1}},"line":86},"8":{"name":"noticiesToRedux","decl":{"start":{"line":93,"column":16},"end":{"line":93,"column":31}},"loc":{"start":{"line":93,"column":38},"end":{"line":98,"column":1}},"line":93},"9":{"name":"imglabsToRedux","decl":{"start":{"line":100,"column":16},"end":{"line":100,"column":30}},"loc":{"start":{"line":100,"column":37},"end":{"line":105,"column":1}},"line":100},"10":{"name":"storageAvisosToRedux","decl":{"start":{"line":107,"column":16},"end":{"line":107,"column":36}},"loc":{"start":{"line":107,"column":43},"end":{"line":112,"column":1}},"line":107},"11":{"name":"examensToRedux","decl":{"start":{"line":114,"column":16},"end":{"line":114,"column":30}},"loc":{"start":{"line":114,"column":37},"end":{"line":119,"column":1}},"line":114},"12":{"name":"eventsToRedux","decl":{"start":{"line":120,"column":16},"end":{"line":120,"column":29}},"loc":{"start":{"line":120,"column":36},"end":{"line":125,"column":1}},"line":120},"13":{"name":"practiquesToRedux","decl":{"start":{"line":126,"column":16},"end":{"line":126,"column":33}},"loc":{"start":{"line":126,"column":40},"end":{"line":131,"column":1}},"line":126},"14":{"name":"settingsToRedux","decl":{"start":{"line":133,"column":16},"end":{"line":133,"column":31}},"loc":{"start":{"line":133,"column":38},"end":{"line":138,"column":1}},"line":133}},"branchMap":{"0":{"loc":{"start":{"line":21,"column":4},"end":{"line":33,"column":5}},"type":"if","locations":[{"start":{"line":21,"column":4},"end":{"line":33,"column":5}},{"start":{"line":21,"column":4},"end":{"line":33,"column":5}}],"line":21},"1":{"loc":{"start":{"line":46,"column":4},"end":{"line":51,"column":5}},"type":"if","locations":[{"start":{"line":46,"column":4},"end":{"line":51,"column":5}},{"start":{"line":46,"column":4},"end":{"line":51,"column":5}}],"line":46}},"s":{"0":7,"1":7,"2":7,"3":7,"4":7,"5":7,"6":7,"7":7,"8":7,"9":7,"10":7,"11":7,"12":7,"13":7,"14":7,"15":0,"16":0,"17":0,"18":0,"19":0,"20":0,"21":0,"22":0,"23":0,"24":0,"25":0,"26":0,"27":0,"28":0,"29":0,"30":0,"31":0,"32":0,"33":0,"34":0,"35":0},"f":{"0":0,"1":0,"2":0,"3":0,"4":0,"5":0,"6":0,"7":0,"8":0,"9":0,"10":0,"11":0,"12":0,"13":0,"14":0},"b":{"0":[0,0],"1":[0,0]},"_coverageSchema":"43e27e138ebf9cfc5966b082cf9a028302ed4184","hash":"08dc58adcde27140a93d7ccf848d2c4759bf04ba"}
,"C:\\Users\\Joan Pastor\\Desktop\\FIB APP\\FIB\\src\\actions\\updateToken.js": {"path":"C:\\Users\\Joan Pastor\\Desktop\\FIB APP\\FIB\\src\\actions\\updateToken.js","statementMap":{"0":{"start":{"line":10,"column":2},"end":{"line":47,"column":3}},"1":{"start":{"line":14,"column":21},"end":{"line":14,"column":75}},"2":{"start":{"line":15,"column":4},"end":{"line":42,"column":5}},"3":{"start":{"line":18,"column":22},"end":{"line":23,"column":7}},"4":{"start":{"line":26,"column":6},"end":{"line":31,"column":7}},"5":{"start":{"line":27,"column":8},"end":{"line":27,"column":65}},"6":{"start":{"line":29,"column":8},"end":{"line":29,"column":96}},"7":{"start":{"line":30,"column":8},"end":{"line":30,"column":17}},"8":{"start":{"line":33,"column":6},"end":{"line":39,"column":7}},"9":{"start":{"line":34,"column":8},"end":{"line":34,"column":155}},"10":{"start":{"line":35,"column":8},"end":{"line":37,"column":80}},"11":{"start":{"line":37,"column":26},"end":{"line":37,"column":78}},"12":{"start":{"line":38,"column":8},"end":{"line":38,"column":27}},"13":{"start":{"line":40,"column":6},"end":{"line":40,"column":15}},"14":{"start":{"line":45,"column":4},"end":{"line":45,"column":36}},"15":{"start":{"line":46,"column":4},"end":{"line":46,"column":28}},"16":{"start":{"line":48,"column":2},"end":{"line":48,"column":32}}},"fnMap":{"0":{"name":"updateToken","decl":{"start":{"line":7,"column":15},"end":{"line":7,"column":26}},"loc":{"start":{"line":7,"column":29},"end":{"line":49,"column":1}},"line":7},"1":{"name":"(anonymous_1)","decl":{"start":{"line":37,"column":15},"end":{"line":37,"column":16}},"loc":{"start":{"line":37,"column":26},"end":{"line":37,"column":78}},"line":37}},"branchMap":{"0":{"loc":{"start":{"line":10,"column":2},"end":{"line":47,"column":3}},"type":"if","locations":[{"start":{"line":10,"column":2},"end":{"line":47,"column":3}},{"start":{"line":10,"column":2},"end":{"line":47,"column":3}}],"line":10},"1":{"loc":{"start":{"line":15,"column":4},"end":{"line":42,"column":5}},"type":"if","locations":[{"start":{"line":15,"column":4},"end":{"line":42,"column":5}},{"start":{"line":15,"column":4},"end":{"line":42,"column":5}}],"line":15},"2":{"loc":{"start":{"line":33,"column":6},"end":{"line":39,"column":7}},"type":"if","locations":[{"start":{"line":33,"column":6},"end":{"line":39,"column":7}},{"start":{"line":33,"column":6},"end":{"line":39,"column":7}}],"line":33}},"s":{"0":5,"1":3,"2":3,"3":2,"4":2,"5":2,"6":1,"7":1,"8":1,"9":1,"10":1,"11":0,"12":1,"13":0,"14":1,"15":1,"16":2},"f":{"0":5,"1":0},"b":{"0":[3,2],"1":[2,1],"2":[1,0]},"_coverageSchema":"43e27e138ebf9cfc5966b082cf9a028302ed4184","hash":"7ad3fecdcff06191800a998a3294870b7a9265a2"}
,"C:\\Users\\Joan Pastor\\Desktop\\FIB APP\\FIB\\src\\components\\navigation\\Assignatures.js": {"path":"C:\\Users\\Joan Pastor\\Desktop\\FIB APP\\FIB\\src\\components\\navigation\\Assignatures.js","statementMap":{"0":{"start":{"line":15,"column":4},"end":{"line":15,"column":17}},"1":{"start":{"line":16,"column":4},"end":{"line":16,"column":36}},"2":{"start":{"line":18,"column":4},"end":{"line":18,"column":35}},"3":{"start":{"line":22,"column":4},"end":{"line":22,"column":43}},"4":{"start":{"line":26,"column":16},"end":{"line":26,"column":18}},"5":{"start":{"line":27,"column":4},"end":{"line":43,"column":7}},"6":{"start":{"line":28,"column":6},"end":{"line":42,"column":7}},"7":{"start":{"line":29,"column":8},"end":{"line":34,"column":10}},"8":{"start":{"line":36,"column":8},"end":{"line":41,"column":10}},"9":{"start":{"line":44,"column":4},"end":{"line":44,"column":17}},"10":{"start":{"line":48,"column":16},"end":{"line":48,"column":18}},"11":{"start":{"line":49,"column":4},"end":{"line":55,"column":5}},"12":{"start":{"line":50,"column":6},"end":{"line":54,"column":8}},"13":{"start":{"line":57,"column":23},"end":{"line":57,"column":75}},"14":{"start":{"line":59,"column":24},"end":{"line":59,"column":54}},"15":{"start":{"line":60,"column":25},"end":{"line":60,"column":99}},"16":{"start":{"line":65,"column":17},"end":{"line":65,"column":123}},"17":{"start":{"line":66,"column":4},"end":{"line":125,"column":7}},"18":{"start":{"line":67,"column":6},"end":{"line":124,"column":8}},"19":{"start":{"line":72,"column":12},"end":{"line":72,"column":29}},"20":{"start":{"line":73,"column":12},"end":{"line":73,"column":47}},"21":{"start":{"line":87,"column":37},"end":{"line":87,"column":72}},"22":{"start":{"line":88,"column":39},"end":{"line":88,"column":73}},"23":{"start":{"line":127,"column":4},"end":{"line":127,"column":17}},"24":{"start":{"line":131,"column":4},"end":{"line":143,"column":5}},"25":{"start":{"line":133,"column":4},"end":{"line":142,"column":9}},"26":{"start":{"line":134,"column":6},"end":{"line":141,"column":11}},"27":{"start":{"line":135,"column":8},"end":{"line":140,"column":68}},"28":{"start":{"line":138,"column":10},"end":{"line":138,"column":45}},"29":{"start":{"line":139,"column":10},"end":{"line":139,"column":54}},"30":{"start":{"line":147,"column":4},"end":{"line":153,"column":5}},"31":{"start":{"line":148,"column":6},"end":{"line":152,"column":8}},"32":{"start":{"line":154,"column":4},"end":{"line":159,"column":6}},"33":{"start":{"line":164,"column":2},"end":{"line":168,"column":4}}},"fnMap":{"0":{"name":"(anonymous_0)","decl":{"start":{"line":14,"column":2},"end":{"line":14,"column":3}},"loc":{"start":{"line":14,"column":21},"end":{"line":19,"column":3}},"line":14},"1":{"name":"(anonymous_1)","decl":{"start":{"line":21,"column":2},"end":{"line":21,"column":3}},"loc":{"start":{"line":21,"column":22},"end":{"line":23,"column":3}},"line":21},"2":{"name":"(anonymous_2)","decl":{"start":{"line":25,"column":2},"end":{"line":25,"column":3}},"loc":{"start":{"line":25,"column":21},"end":{"line":45,"column":3}},"line":25},"3":{"name":"(anonymous_3)","decl":{"start":{"line":27,"column":18},"end":{"line":27,"column":19}},"loc":{"start":{"line":27,"column":28},"end":{"line":43,"column":5}},"line":27},"4":{"name":"(anonymous_4)","decl":{"start":{"line":47,"column":2},"end":{"line":47,"column":3}},"loc":{"start":{"line":47,"column":16},"end":{"line":128,"column":3}},"line":47},"5":{"name":"(anonymous_5)","decl":{"start":{"line":66,"column":26},"end":{"line":66,"column":27}},"loc":{"start":{"line":66,"column":44},"end":{"line":125,"column":5}},"line":66},"6":{"name":"(anonymous_6)","decl":{"start":{"line":71,"column":38},"end":{"line":71,"column":39}},"loc":{"start":{"line":71,"column":44},"end":{"line":74,"column":13}},"line":71},"7":{"name":"(anonymous_7)","decl":{"start":{"line":87,"column":31},"end":{"line":87,"column":32}},"loc":{"start":{"line":87,"column":37},"end":{"line":87,"column":72}},"line":87},"8":{"name":"(anonymous_8)","decl":{"start":{"line":88,"column":33},"end":{"line":88,"column":34}},"loc":{"start":{"line":88,"column":39},"end":{"line":88,"column":73}},"line":88},"9":{"name":"(anonymous_9)","decl":{"start":{"line":130,"column":2},"end":{"line":130,"column":3}},"loc":{"start":{"line":130,"column":20},"end":{"line":144,"column":3}},"line":130},"10":{"name":"(anonymous_10)","decl":{"start":{"line":133,"column":46},"end":{"line":133,"column":47}},"loc":{"start":{"line":133,"column":67},"end":{"line":142,"column":7}},"line":133},"11":{"name":"(anonymous_11)","decl":{"start":{"line":134,"column":46},"end":{"line":134,"column":47}},"loc":{"start":{"line":134,"column":63},"end":{"line":141,"column":9}},"line":134},"12":{"name":"(anonymous_12)","decl":{"start":{"line":137,"column":16},"end":{"line":137,"column":17}},"loc":{"start":{"line":137,"column":28},"end":{"line":140,"column":11}},"line":137},"13":{"name":"(anonymous_13)","decl":{"start":{"line":140,"column":19},"end":{"line":140,"column":20}},"loc":{"start":{"line":140,"column":28},"end":{"line":140,"column":66}},"line":140},"14":{"name":"(anonymous_14)","decl":{"start":{"line":146,"column":2},"end":{"line":146,"column":3}},"loc":{"start":{"line":146,"column":11},"end":{"line":160,"column":3}},"line":146},"15":{"name":"mapStateToProps","decl":{"start":{"line":163,"column":9},"end":{"line":163,"column":24}},"loc":{"start":{"line":163,"column":32},"end":{"line":169,"column":1}},"line":163}},"branchMap":{"0":{"loc":{"start":{"line":28,"column":6},"end":{"line":42,"column":7}},"type":"if","locations":[{"start":{"line":28,"column":6},"end":{"line":42,"column":7}},{"start":{"line":28,"column":6},"end":{"line":42,"column":7}}],"line":28},"1":{"loc":{"start":{"line":49,"column":4},"end":{"line":55,"column":5}},"type":"if","locations":[{"start":{"line":49,"column":4},"end":{"line":55,"column":5}},{"start":{"line":49,"column":4},"end":{"line":55,"column":5}}],"line":49},"2":{"loc":{"start":{"line":81,"column":104},"end":{"line":81,"column":158}},"type":"cond-expr","locations":[{"start":{"line":81,"column":134},"end":{"line":81,"column":141}},{"start":{"line":81,"column":144},"end":{"line":81,"column":158}}],"line":81},"3":{"loc":{"start":{"line":86,"column":25},"end":{"line":86,"column":93}},"type":"binary-expr","locations":[{"start":{"line":86,"column":25},"end":{"line":86,"column":61}},{"start":{"line":86,"column":65},"end":{"line":86,"column":93}}],"line":86},"4":{"loc":{"start":{"line":104,"column":21},"end":{"line":104,"column":228}},"type":"cond-expr","locations":[{"start":{"line":104,"column":70},"end":{"line":104,"column":167}},{"start":{"line":104,"column":170},"end":{"line":104,"column":228}}],"line":104},"5":{"loc":{"start":{"line":109,"column":87},"end":{"line":109,"column":218}},"type":"cond-expr","locations":[{"start":{"line":109,"column":137},"end":{"line":109,"column":191}},{"start":{"line":109,"column":194},"end":{"line":109,"column":218}}],"line":109},"6":{"loc":{"start":{"line":114,"column":87},"end":{"line":114,"column":217}},"type":"cond-expr","locations":[{"start":{"line":114,"column":137},"end":{"line":114,"column":188}},{"start":{"line":114,"column":191},"end":{"line":114,"column":217}}],"line":114},"7":{"loc":{"start":{"line":131,"column":4},"end":{"line":143,"column":5}},"type":"if","locations":[{"start":{"line":131,"column":4},"end":{"line":143,"column":5}},{"start":{"line":131,"column":4},"end":{"line":143,"column":5}}],"line":131},"8":{"loc":{"start":{"line":131,"column":8},"end":{"line":131,"column":74}},"type":"binary-expr","locations":[{"start":{"line":131,"column":8},"end":{"line":131,"column":48}},{"start":{"line":131,"column":52},"end":{"line":131,"column":74}}],"line":131},"9":{"loc":{"start":{"line":147,"column":4},"end":{"line":153,"column":5}},"type":"if","locations":[{"start":{"line":147,"column":4},"end":{"line":153,"column":5}},{"start":{"line":147,"column":4},"end":{"line":153,"column":5}}],"line":147},"10":{"loc":{"start":{"line":147,"column":8},"end":{"line":147,"column":84}},"type":"binary-expr","locations":[{"start":{"line":147,"column":8},"end":{"line":147,"column":46}},{"start":{"line":147,"column":50},"end":{"line":147,"column":84}}],"line":147}},"s":{"0":6,"1":6,"2":6,"3":6,"4":3,"5":3,"6":9,"7":3,"8":6,"9":3,"10":6,"11":6,"12":0,"13":6,"14":6,"15":6,"16":6,"17":6,"18":10,"19":0,"20":0,"21":0,"22":0,"23":6,"24":3,"25":2,"26":2,"27":2,"28":1,"29":1,"30":7,"31":4,"32":3,"33":0},"f":{"0":6,"1":6,"2":3,"3":9,"4":6,"5":10,"6":0,"7":0,"8":0,"9":3,"10":2,"11":2,"12":1,"13":1,"14":7,"15":0},"b":{"0":[3,6],"1":[0,6],"2":[10,0],"3":[10,1],"4":[9,1],"5":[1,9],"6":[1,9],"7":[2,1],"8":[3,3],"9":[4,3],"10":[7,7]},"_coverageSchema":"43e27e138ebf9cfc5966b082cf9a028302ed4184","hash":"01ddc8263ee4a4e3d4a141a18b157734eb387a7e"}
,"C:\\Users\\Joan Pastor\\Desktop\\FIB APP\\FIB\\src\\components\\navigation\\Avisos.js": {"path":"C:\\Users\\Joan Pastor\\Desktop\\FIB APP\\FIB\\src\\components\\navigation\\Avisos.js","statementMap":{"0":{"start":{"line":20,"column":4},"end":{"line":20,"column":17}},"1":{"start":{"line":21,"column":4},"end":{"line":21,"column":84}},"2":{"start":{"line":24,"column":4},"end":{"line":24,"column":35}},"3":{"start":{"line":25,"column":4},"end":{"line":25,"column":23}},"4":{"start":{"line":29,"column":17},"end":{"line":29,"column":57}},"5":{"start":{"line":30,"column":4},"end":{"line":30,"column":32}},"6":{"start":{"line":31,"column":15},"end":{"line":31,"column":17}},"7":{"start":{"line":32,"column":4},"end":{"line":45,"column":7}},"8":{"start":{"line":33,"column":20},"end":{"line":33,"column":49}},"9":{"start":{"line":34,"column":6},"end":{"line":44,"column":8}},"10":{"start":{"line":37,"column":45},"end":{"line":37,"column":77}},"11":{"start":{"line":46,"column":4},"end":{"line":52,"column":6}},"12":{"start":{"line":58,"column":17},"end":{"line":58,"column":19}},"13":{"start":{"line":59,"column":4},"end":{"line":65,"column":7}},"14":{"start":{"line":60,"column":6},"end":{"line":64,"column":7}},"15":{"start":{"line":61,"column":8},"end":{"line":63,"column":10}},"16":{"start":{"line":67,"column":4},"end":{"line":75,"column":7}},"17":{"start":{"line":70,"column":6},"end":{"line":71,"column":32}},"18":{"start":{"line":70,"column":49},"end":{"line":70,"column":73}},"19":{"start":{"line":71,"column":11},"end":{"line":71,"column":32}},"20":{"start":{"line":72,"column":6},"end":{"line":73,"column":32}},"21":{"start":{"line":72,"column":49},"end":{"line":72,"column":73}},"22":{"start":{"line":73,"column":11},"end":{"line":73,"column":32}},"23":{"start":{"line":74,"column":6},"end":{"line":74,"column":49}},"24":{"start":{"line":76,"column":4},"end":{"line":76,"column":18}},"25":{"start":{"line":80,"column":4},"end":{"line":89,"column":6}},"26":{"start":{"line":83,"column":32},"end":{"line":83,"column":72}},"27":{"start":{"line":84,"column":30},"end":{"line":84,"column":51}},"28":{"start":{"line":86,"column":25},"end":{"line":86,"column":44}},"29":{"start":{"line":94,"column":4},"end":{"line":110,"column":6}},"30":{"start":{"line":96,"column":8},"end":{"line":96,"column":58}},"31":{"start":{"line":114,"column":18},"end":{"line":114,"column":20}},"32":{"start":{"line":115,"column":4},"end":{"line":159,"column":5}},"33":{"start":{"line":116,"column":6},"end":{"line":152,"column":9}},"34":{"start":{"line":117,"column":8},"end":{"line":151,"column":10}},"35":{"start":{"line":119,"column":12},"end":{"line":144,"column":15}},"36":{"start":{"line":119,"column":49},"end":{"line":119,"column":73}},"37":{"start":{"line":121,"column":14},"end":{"line":142,"column":86}},"38":{"start":{"line":135,"column":16},"end":{"line":141,"column":17}},"39":{"start":{"line":137,"column":18},"end":{"line":137,"column":85}},"40":{"start":{"line":140,"column":18},"end":{"line":140,"column":84}},"41":{"start":{"line":142,"column":32},"end":{"line":142,"column":84}},"42":{"start":{"line":153,"column":6},"end":{"line":158,"column":8}},"43":{"start":{"line":160,"column":4},"end":{"line":160,"column":46}},"44":{"start":{"line":164,"column":4},"end":{"line":173,"column":5}},"45":{"start":{"line":165,"column":15},"end":{"line":165,"column":29}},"46":{"start":{"line":166,"column":16},"end":{"line":166,"column":21}},"47":{"start":{"line":167,"column":17},"end":{"line":167,"column":31}},"48":{"start":{"line":168,"column":18},"end":{"line":168,"column":34}},"49":{"start":{"line":169,"column":6},"end":{"line":169,"column":72}},"50":{"start":{"line":172,"column":6},"end":{"line":172,"column":16}},"51":{"start":{"line":177,"column":4},"end":{"line":220,"column":41}},"52":{"start":{"line":177,"column":23},"end":{"line":177,"column":34}},"53":{"start":{"line":178,"column":9},"end":{"line":220,"column":41}},"54":{"start":{"line":178,"column":27},"end":{"line":178,"column":38}},"55":{"start":{"line":179,"column":9},"end":{"line":220,"column":41}},"56":{"start":{"line":179,"column":28},"end":{"line":179,"column":40}},"57":{"start":{"line":180,"column":9},"end":{"line":220,"column":41}},"58":{"start":{"line":180,"column":28},"end":{"line":180,"column":39}},"59":{"start":{"line":182,"column":9},"end":{"line":220,"column":41}},"60":{"start":{"line":182,"column":30},"end":{"line":182,"column":41}},"61":{"start":{"line":183,"column":9},"end":{"line":220,"column":41}},"62":{"start":{"line":183,"column":30},"end":{"line":183,"column":41}},"63":{"start":{"line":184,"column":9},"end":{"line":220,"column":41}},"64":{"start":{"line":184,"column":30},"end":{"line":184,"column":41}},"65":{"start":{"line":185,"column":9},"end":{"line":220,"column":41}},"66":{"start":{"line":185,"column":30},"end":{"line":185,"column":41}},"67":{"start":{"line":186,"column":9},"end":{"line":220,"column":41}},"68":{"start":{"line":186,"column":30},"end":{"line":186,"column":41}},"69":{"start":{"line":187,"column":9},"end":{"line":220,"column":41}},"70":{"start":{"line":187,"column":30},"end":{"line":187,"column":41}},"71":{"start":{"line":188,"column":9},"end":{"line":220,"column":41}},"72":{"start":{"line":188,"column":30},"end":{"line":188,"column":41}},"73":{"start":{"line":189,"column":9},"end":{"line":220,"column":41}},"74":{"start":{"line":189,"column":30},"end":{"line":189,"column":41}},"75":{"start":{"line":190,"column":9},"end":{"line":220,"column":41}},"76":{"start":{"line":190,"column":30},"end":{"line":190,"column":41}},"77":{"start":{"line":191,"column":9},"end":{"line":220,"column":41}},"78":{"start":{"line":191,"column":30},"end":{"line":191,"column":41}},"79":{"start":{"line":192,"column":9},"end":{"line":220,"column":41}},"80":{"start":{"line":192,"column":28},"end":{"line":192,"column":39}},"81":{"start":{"line":193,"column":9},"end":{"line":220,"column":41}},"82":{"start":{"line":193,"column":28},"end":{"line":193,"column":39}},"83":{"start":{"line":195,"column":9},"end":{"line":220,"column":41}},"84":{"start":{"line":195,"column":30},"end":{"line":195,"column":41}},"85":{"start":{"line":196,"column":9},"end":{"line":220,"column":41}},"86":{"start":{"line":196,"column":30},"end":{"line":196,"column":41}},"87":{"start":{"line":197,"column":9},"end":{"line":220,"column":41}},"88":{"start":{"line":197,"column":30},"end":{"line":197,"column":41}},"89":{"start":{"line":198,"column":9},"end":{"line":220,"column":41}},"90":{"start":{"line":198,"column":30},"end":{"line":198,"column":41}},"91":{"start":{"line":199,"column":9},"end":{"line":220,"column":41}},"92":{"start":{"line":199,"column":30},"end":{"line":199,"column":41}},"93":{"start":{"line":200,"column":9},"end":{"line":220,"column":41}},"94":{"start":{"line":200,"column":30},"end":{"line":200,"column":41}},"95":{"start":{"line":201,"column":9},"end":{"line":220,"column":41}},"96":{"start":{"line":201,"column":30},"end":{"line":201,"column":41}},"97":{"start":{"line":202,"column":9},"end":{"line":220,"column":41}},"98":{"start":{"line":202,"column":30},"end":{"line":202,"column":41}},"99":{"start":{"line":203,"column":9},"end":{"line":220,"column":41}},"100":{"start":{"line":203,"column":30},"end":{"line":203,"column":41}},"101":{"start":{"line":204,"column":9},"end":{"line":220,"column":41}},"102":{"start":{"line":204,"column":30},"end":{"line":204,"column":41}},"103":{"start":{"line":206,"column":9},"end":{"line":220,"column":41}},"104":{"start":{"line":206,"column":26},"end":{"line":206,"column":37}},"105":{"start":{"line":207,"column":9},"end":{"line":220,"column":41}},"106":{"start":{"line":207,"column":26},"end":{"line":207,"column":37}},"107":{"start":{"line":208,"column":9},"end":{"line":220,"column":41}},"108":{"start":{"line":208,"column":29},"end":{"line":208,"column":40}},"109":{"start":{"line":209,"column":9},"end":{"line":220,"column":41}},"110":{"start":{"line":209,"column":28},"end":{"line":209,"column":39}},"111":{"start":{"line":210,"column":9},"end":{"line":220,"column":41}},"112":{"start":{"line":210,"column":29},"end":{"line":210,"column":40}},"113":{"start":{"line":211,"column":9},"end":{"line":220,"column":41}},"114":{"start":{"line":211,"column":27},"end":{"line":211,"column":38}},"115":{"start":{"line":212,"column":9},"end":{"line":220,"column":41}},"116":{"start":{"line":212,"column":30},"end":{"line":212,"column":41}},"117":{"start":{"line":213,"column":9},"end":{"line":220,"column":41}},"118":{"start":{"line":213,"column":28},"end":{"line":213,"column":39}},"119":{"start":{"line":214,"column":9},"end":{"line":220,"column":41}},"120":{"start":{"line":214,"column":29},"end":{"line":214,"column":40}},"121":{"start":{"line":215,"column":9},"end":{"line":220,"column":41}},"122":{"start":{"line":215,"column":30},"end":{"line":215,"column":41}},"123":{"start":{"line":217,"column":9},"end":{"line":220,"column":41}},"124":{"start":{"line":217,"column":30},"end":{"line":217,"column":41}},"125":{"start":{"line":218,"column":9},"end":{"line":220,"column":41}},"126":{"start":{"line":218,"column":30},"end":{"line":218,"column":41}},"127":{"start":{"line":219,"column":9},"end":{"line":220,"column":41}},"128":{"start":{"line":219,"column":30},"end":{"line":219,"column":41}},"129":{"start":{"line":220,"column":9},"end":{"line":220,"column":41}},"130":{"start":{"line":220,"column":30},"end":{"line":220,"column":41}},"131":{"start":{"line":222,"column":4},"end":{"line":222,"column":14}},"132":{"start":{"line":227,"column":24},"end":{"line":227,"column":54}},"133":{"start":{"line":228,"column":25},"end":{"line":230,"column":80}},"134":{"start":{"line":232,"column":15},"end":{"line":232,"column":41}},"135":{"start":{"line":233,"column":16},"end":{"line":233,"column":43}},"136":{"start":{"line":234,"column":15},"end":{"line":234,"column":17}},"137":{"start":{"line":235,"column":4},"end":{"line":245,"column":5}},"138":{"start":{"line":236,"column":6},"end":{"line":242,"column":42}},"139":{"start":{"line":241,"column":40},"end":{"line":241,"column":62}},"140":{"start":{"line":243,"column":6},"end":{"line":243,"column":68}},"141":{"start":{"line":244,"column":6},"end":{"line":244,"column":53}},"142":{"start":{"line":246,"column":4},"end":{"line":266,"column":6}},"143":{"start":{"line":249,"column":31},"end":{"line":249,"column":66}},"144":{"start":{"line":250,"column":33},"end":{"line":250,"column":68}},"145":{"start":{"line":270,"column":4},"end":{"line":285,"column":5}},"146":{"start":{"line":271,"column":22},"end":{"line":277,"column":7}},"147":{"start":{"line":278,"column":6},"end":{"line":282,"column":7}},"148":{"start":{"line":281,"column":8},"end":{"line":281,"column":58}},"149":{"start":{"line":284,"column":6},"end":{"line":284,"column":33}},"150":{"start":{"line":286,"column":4},"end":{"line":301,"column":5}},"151":{"start":{"line":287,"column":23},"end":{"line":293,"column":7}},"152":{"start":{"line":294,"column":6},"end":{"line":298,"column":7}},"153":{"start":{"line":297,"column":8},"end":{"line":297,"column":57}},"154":{"start":{"line":300,"column":6},"end":{"line":300,"column":33}},"155":{"start":{"line":305,"column":4},"end":{"line":305,"column":37}},"156":{"start":{"line":306,"column":4},"end":{"line":314,"column":94}},"157":{"start":{"line":307,"column":6},"end":{"line":313,"column":101}},"158":{"start":{"line":310,"column":10},"end":{"line":310,"column":41}},"159":{"start":{"line":311,"column":10},"end":{"line":311,"column":44}},"160":{"start":{"line":312,"column":10},"end":{"line":312,"column":68}},"161":{"start":{"line":313,"column":27},"end":{"line":313,"column":63}},"162":{"start":{"line":313,"column":64},"end":{"line":313,"column":98}},"163":{"start":{"line":314,"column":20},"end":{"line":314,"column":56}},"164":{"start":{"line":314,"column":57},"end":{"line":314,"column":91}},"165":{"start":{"line":318,"column":4},"end":{"line":326,"column":6}},"166":{"start":{"line":331,"column":4},"end":{"line":339,"column":5}},"167":{"start":{"line":332,"column":6},"end":{"line":338,"column":8}},"168":{"start":{"line":340,"column":4},"end":{"line":346,"column":5}},"169":{"start":{"line":341,"column":6},"end":{"line":345,"column":7}},"170":{"start":{"line":347,"column":4},"end":{"line":351,"column":5}},"171":{"start":{"line":356,"column":2},"end":{"line":361,"column":4}}},"fnMap":{"0":{"name":"(anonymous_0)","decl":{"start":{"line":19,"column":2},"end":{"line":19,"column":3}},"loc":{"start":{"line":19,"column":21},"end":{"line":26,"column":3}},"line":19},"1":{"name":"(anonymous_1)","decl":{"start":{"line":28,"column":2},"end":{"line":28,"column":3}},"loc":{"start":{"line":28,"column":15},"end":{"line":53,"column":3}},"line":28},"2":{"name":"(anonymous_2)","decl":{"start":{"line":32,"column":19},"end":{"line":32,"column":20}},"loc":{"start":{"line":32,"column":30},"end":{"line":45,"column":5}},"line":32},"3":{"name":"(anonymous_3)","decl":{"start":{"line":37,"column":39},"end":{"line":37,"column":40}},"loc":{"start":{"line":37,"column":45},"end":{"line":37,"column":77}},"line":37},"4":{"name":"(anonymous_4)","decl":{"start":{"line":55,"column":2},"end":{"line":55,"column":3}},"loc":{"start":{"line":55,"column":14},"end":{"line":77,"column":3}},"line":55},"5":{"name":"(anonymous_5)","decl":{"start":{"line":59,"column":39},"end":{"line":59,"column":40}},"loc":{"start":{"line":59,"column":52},"end":{"line":65,"column":5}},"line":59},"6":{"name":"(anonymous_6)","decl":{"start":{"line":67,"column":16},"end":{"line":67,"column":17}},"loc":{"start":{"line":67,"column":26},"end":{"line":75,"column":5}},"line":67},"7":{"name":"(anonymous_7)","decl":{"start":{"line":79,"column":2},"end":{"line":79,"column":3}},"loc":{"start":{"line":79,"column":17},"end":{"line":90,"column":3}},"line":79},"8":{"name":"(anonymous_8)","decl":{"start":{"line":83,"column":22},"end":{"line":83,"column":23}},"loc":{"start":{"line":83,"column":32},"end":{"line":83,"column":72}},"line":83},"9":{"name":"(anonymous_9)","decl":{"start":{"line":84,"column":20},"end":{"line":84,"column":21}},"loc":{"start":{"line":84,"column":30},"end":{"line":84,"column":51}},"line":84},"10":{"name":"(anonymous_10)","decl":{"start":{"line":86,"column":19},"end":{"line":86,"column":20}},"loc":{"start":{"line":86,"column":25},"end":{"line":86,"column":44}},"line":86},"11":{"name":"(anonymous_11)","decl":{"start":{"line":92,"column":2},"end":{"line":92,"column":3}},"loc":{"start":{"line":92,"column":21},"end":{"line":111,"column":3}},"line":92},"12":{"name":"(anonymous_12)","decl":{"start":{"line":95,"column":33},"end":{"line":95,"column":34}},"loc":{"start":{"line":95,"column":39},"end":{"line":97,"column":7}},"line":95},"13":{"name":"(anonymous_13)","decl":{"start":{"line":113,"column":2},"end":{"line":113,"column":3}},"loc":{"start":{"line":113,"column":13},"end":{"line":161,"column":3}},"line":113},"14":{"name":"(anonymous_14)","decl":{"start":{"line":116,"column":44},"end":{"line":116,"column":45}},"loc":{"start":{"line":116,"column":53},"end":{"line":152,"column":7}},"line":116},"15":{"name":"(anonymous_15)","decl":{"start":{"line":118,"column":52},"end":{"line":118,"column":53}},"loc":{"start":{"line":118,"column":58},"end":{"line":146,"column":11}},"line":118},"16":{"name":"(anonymous_16)","decl":{"start":{"line":119,"column":43},"end":{"line":119,"column":44}},"loc":{"start":{"line":119,"column":49},"end":{"line":119,"column":73}},"line":119},"17":{"name":"(anonymous_17)","decl":{"start":{"line":119,"column":80},"end":{"line":119,"column":81}},"loc":{"start":{"line":119,"column":94},"end":{"line":144,"column":13}},"line":119},"18":{"name":"(anonymous_18)","decl":{"start":{"line":134,"column":20},"end":{"line":134,"column":21}},"loc":{"start":{"line":134,"column":29},"end":{"line":142,"column":15}},"line":134},"19":{"name":"(anonymous_19)","decl":{"start":{"line":142,"column":23},"end":{"line":142,"column":24}},"loc":{"start":{"line":142,"column":32},"end":{"line":142,"column":84}},"line":142},"20":{"name":"(anonymous_20)","decl":{"start":{"line":163,"column":2},"end":{"line":163,"column":3}},"loc":{"start":{"line":163,"column":17},"end":{"line":174,"column":3}},"line":163},"21":{"name":"(anonymous_21)","decl":{"start":{"line":176,"column":2},"end":{"line":176,"column":3}},"loc":{"start":{"line":176,"column":14},"end":{"line":223,"column":3}},"line":176},"22":{"name":"(anonymous_22)","decl":{"start":{"line":225,"column":2},"end":{"line":225,"column":3}},"loc":{"start":{"line":225,"column":10},"end":{"line":267,"column":3}},"line":225},"23":{"name":"(anonymous_23)","decl":{"start":{"line":241,"column":30},"end":{"line":241,"column":31}},"loc":{"start":{"line":241,"column":40},"end":{"line":241,"column":62}},"line":241},"24":{"name":"(anonymous_24)","decl":{"start":{"line":249,"column":25},"end":{"line":249,"column":26}},"loc":{"start":{"line":249,"column":31},"end":{"line":249,"column":66}},"line":249},"25":{"name":"(anonymous_25)","decl":{"start":{"line":250,"column":27},"end":{"line":250,"column":28}},"loc":{"start":{"line":250,"column":33},"end":{"line":250,"column":68}},"line":250},"26":{"name":"(anonymous_26)","decl":{"start":{"line":269,"column":2},"end":{"line":269,"column":3}},"loc":{"start":{"line":269,"column":29},"end":{"line":302,"column":3}},"line":269},"27":{"name":"(anonymous_27)","decl":{"start":{"line":304,"column":2},"end":{"line":304,"column":3}},"loc":{"start":{"line":304,"column":23},"end":{"line":315,"column":3}},"line":304},"28":{"name":"(anonymous_28)","decl":{"start":{"line":306,"column":46},"end":{"line":306,"column":47}},"loc":{"start":{"line":306,"column":67},"end":{"line":314,"column":5}},"line":306},"29":{"name":"(anonymous_29)","decl":{"start":{"line":309,"column":16},"end":{"line":309,"column":17}},"loc":{"start":{"line":309,"column":26},"end":{"line":313,"column":9}},"line":309},"30":{"name":"(anonymous_30)","decl":{"start":{"line":313,"column":17},"end":{"line":313,"column":18}},"loc":{"start":{"line":313,"column":26},"end":{"line":313,"column":99}},"line":313},"31":{"name":"(anonymous_31)","decl":{"start":{"line":314,"column":13},"end":{"line":314,"column":14}},"loc":{"start":{"line":314,"column":19},"end":{"line":314,"column":92}},"line":314},"32":{"name":"(anonymous_32)","decl":{"start":{"line":317,"column":2},"end":{"line":317,"column":3}},"loc":{"start":{"line":317,"column":16},"end":{"line":327,"column":3}},"line":317},"33":{"name":"(anonymous_33)","decl":{"start":{"line":329,"column":2},"end":{"line":329,"column":3}},"loc":{"start":{"line":329,"column":11},"end":{"line":352,"column":3}},"line":329},"34":{"name":"mapStateToProps","decl":{"start":{"line":355,"column":9},"end":{"line":355,"column":24}},"loc":{"start":{"line":355,"column":32},"end":{"line":362,"column":1}},"line":355}},"branchMap":{"0":{"loc":{"start":{"line":36,"column":96},"end":{"line":36,"column":124}},"type":"cond-expr","locations":[{"start":{"line":36,"column":105},"end":{"line":36,"column":114}},{"start":{"line":36,"column":115},"end":{"line":36,"column":124}}],"line":36},"1":{"loc":{"start":{"line":60,"column":6},"end":{"line":64,"column":7}},"type":"if","locations":[{"start":{"line":60,"column":6},"end":{"line":64,"column":7}},{"start":{"line":60,"column":6},"end":{"line":64,"column":7}}],"line":60},"2":{"loc":{"start":{"line":60,"column":10},"end":{"line":60,"column":80}},"type":"binary-expr","locations":[{"start":{"line":60,"column":10},"end":{"line":60,"column":37}},{"start":{"line":60,"column":41},"end":{"line":60,"column":80}}],"line":60},"3":{"loc":{"start":{"line":70,"column":6},"end":{"line":71,"column":32}},"type":"if","locations":[{"start":{"line":70,"column":6},"end":{"line":71,"column":32}},{"start":{"line":70,"column":6},"end":{"line":71,"column":32}}],"line":70},"4":{"loc":{"start":{"line":72,"column":6},"end":{"line":73,"column":32}},"type":"if","locations":[{"start":{"line":72,"column":6},"end":{"line":73,"column":32}},{"start":{"line":72,"column":6},"end":{"line":73,"column":32}}],"line":72},"5":{"loc":{"start":{"line":74,"column":13},"end":{"line":74,"column":48}},"type":"cond-expr","locations":[{"start":{"line":74,"column":25},"end":{"line":74,"column":26}},{"start":{"line":74,"column":29},"end":{"line":74,"column":48}}],"line":74},"6":{"loc":{"start":{"line":74,"column":29},"end":{"line":74,"column":48}},"type":"cond-expr","locations":[{"start":{"line":74,"column":42},"end":{"line":74,"column":43}},{"start":{"line":74,"column":46},"end":{"line":74,"column":48}}],"line":74},"7":{"loc":{"start":{"line":102,"column":13},"end":{"line":106,"column":23}},"type":"cond-expr","locations":[{"start":{"line":103,"column":14},"end":{"line":105,"column":78}},{"start":{"line":106,"column":16},"end":{"line":106,"column":23}}],"line":102},"8":{"loc":{"start":{"line":115,"column":4},"end":{"line":159,"column":5}},"type":"if","locations":[{"start":{"line":115,"column":4},"end":{"line":159,"column":5}},{"start":{"line":115,"column":4},"end":{"line":159,"column":5}}],"line":115},"9":{"loc":{"start":{"line":135,"column":16},"end":{"line":141,"column":17}},"type":"if","locations":[{"start":{"line":135,"column":16},"end":{"line":141,"column":17}},{"start":{"line":135,"column":16},"end":{"line":141,"column":17}}],"line":135},"10":{"loc":{"start":{"line":177,"column":4},"end":{"line":220,"column":41}},"type":"if","locations":[{"start":{"line":177,"column":4},"end":{"line":220,"column":41}},{"start":{"line":177,"column":4},"end":{"line":220,"column":41}}],"line":177},"11":{"loc":{"start":{"line":178,"column":9},"end":{"line":220,"column":41}},"type":"if","locations":[{"start":{"line":178,"column":9},"end":{"line":220,"column":41}},{"start":{"line":178,"column":9},"end":{"line":220,"column":41}}],"line":178},"12":{"loc":{"start":{"line":179,"column":9},"end":{"line":220,"column":41}},"type":"if","locations":[{"start":{"line":179,"column":9},"end":{"line":220,"column":41}},{"start":{"line":179,"column":9},"end":{"line":220,"column":41}}],"line":179},"13":{"loc":{"start":{"line":180,"column":9},"end":{"line":220,"column":41}},"type":"if","locations":[{"start":{"line":180,"column":9},"end":{"line":220,"column":41}},{"start":{"line":180,"column":9},"end":{"line":220,"column":41}}],"line":180},"14":{"loc":{"start":{"line":182,"column":9},"end":{"line":220,"column":41}},"type":"if","locations":[{"start":{"line":182,"column":9},"end":{"line":220,"column":41}},{"start":{"line":182,"column":9},"end":{"line":220,"column":41}}],"line":182},"15":{"loc":{"start":{"line":183,"column":9},"end":{"line":220,"column":41}},"type":"if","locations":[{"start":{"line":183,"column":9},"end":{"line":220,"column":41}},{"start":{"line":183,"column":9},"end":{"line":220,"column":41}}],"line":183},"16":{"loc":{"start":{"line":184,"column":9},"end":{"line":220,"column":41}},"type":"if","locations":[{"start":{"line":184,"column":9},"end":{"line":220,"column":41}},{"start":{"line":184,"column":9},"end":{"line":220,"column":41}}],"line":184},"17":{"loc":{"start":{"line":185,"column":9},"end":{"line":220,"column":41}},"type":"if","locations":[{"start":{"line":185,"column":9},"end":{"line":220,"column":41}},{"start":{"line":185,"column":9},"end":{"line":220,"column":41}}],"line":185},"18":{"loc":{"start":{"line":186,"column":9},"end":{"line":220,"column":41}},"type":"if","locations":[{"start":{"line":186,"column":9},"end":{"line":220,"column":41}},{"start":{"line":186,"column":9},"end":{"line":220,"column":41}}],"line":186},"19":{"loc":{"start":{"line":187,"column":9},"end":{"line":220,"column":41}},"type":"if","locations":[{"start":{"line":187,"column":9},"end":{"line":220,"column":41}},{"start":{"line":187,"column":9},"end":{"line":220,"column":41}}],"line":187},"20":{"loc":{"start":{"line":188,"column":9},"end":{"line":220,"column":41}},"type":"if","locations":[{"start":{"line":188,"column":9},"end":{"line":220,"column":41}},{"start":{"line":188,"column":9},"end":{"line":220,"column":41}}],"line":188},"21":{"loc":{"start":{"line":189,"column":9},"end":{"line":220,"column":41}},"type":"if","locations":[{"start":{"line":189,"column":9},"end":{"line":220,"column":41}},{"start":{"line":189,"column":9},"end":{"line":220,"column":41}}],"line":189},"22":{"loc":{"start":{"line":190,"column":9},"end":{"line":220,"column":41}},"type":"if","locations":[{"start":{"line":190,"column":9},"end":{"line":220,"column":41}},{"start":{"line":190,"column":9},"end":{"line":220,"column":41}}],"line":190},"23":{"loc":{"start":{"line":191,"column":9},"end":{"line":220,"column":41}},"type":"if","locations":[{"start":{"line":191,"column":9},"end":{"line":220,"column":41}},{"start":{"line":191,"column":9},"end":{"line":220,"column":41}}],"line":191},"24":{"loc":{"start":{"line":192,"column":9},"end":{"line":220,"column":41}},"type":"if","locations":[{"start":{"line":192,"column":9},"end":{"line":220,"column":41}},{"start":{"line":192,"column":9},"end":{"line":220,"column":41}}],"line":192},"25":{"loc":{"start":{"line":193,"column":9},"end":{"line":220,"column":41}},"type":"if","locations":[{"start":{"line":193,"column":9},"end":{"line":220,"column":41}},{"start":{"line":193,"column":9},"end":{"line":220,"column":41}}],"line":193},"26":{"loc":{"start":{"line":195,"column":9},"end":{"line":220,"column":41}},"type":"if","locations":[{"start":{"line":195,"column":9},"end":{"line":220,"column":41}},{"start":{"line":195,"column":9},"end":{"line":220,"column":41}}],"line":195},"27":{"loc":{"start":{"line":196,"column":9},"end":{"line":220,"column":41}},"type":"if","locations":[{"start":{"line":196,"column":9},"end":{"line":220,"column":41}},{"start":{"line":196,"column":9},"end":{"line":220,"column":41}}],"line":196},"28":{"loc":{"start":{"line":197,"column":9},"end":{"line":220,"column":41}},"type":"if","locations":[{"start":{"line":197,"column":9},"end":{"line":220,"column":41}},{"start":{"line":197,"column":9},"end":{"line":220,"column":41}}],"line":197},"29":{"loc":{"start":{"line":198,"column":9},"end":{"line":220,"column":41}},"type":"if","locations":[{"start":{"line":198,"column":9},"end":{"line":220,"column":41}},{"start":{"line":198,"column":9},"end":{"line":220,"column":41}}],"line":198},"30":{"loc":{"start":{"line":199,"column":9},"end":{"line":220,"column":41}},"type":"if","locations":[{"start":{"line":199,"column":9},"end":{"line":220,"column":41}},{"start":{"line":199,"column":9},"end":{"line":220,"column":41}}],"line":199},"31":{"loc":{"start":{"line":200,"column":9},"end":{"line":220,"column":41}},"type":"if","locations":[{"start":{"line":200,"column":9},"end":{"line":220,"column":41}},{"start":{"line":200,"column":9},"end":{"line":220,"column":41}}],"line":200},"32":{"loc":{"start":{"line":201,"column":9},"end":{"line":220,"column":41}},"type":"if","locations":[{"start":{"line":201,"column":9},"end":{"line":220,"column":41}},{"start":{"line":201,"column":9},"end":{"line":220,"column":41}}],"line":201},"33":{"loc":{"start":{"line":202,"column":9},"end":{"line":220,"column":41}},"type":"if","locations":[{"start":{"line":202,"column":9},"end":{"line":220,"column":41}},{"start":{"line":202,"column":9},"end":{"line":220,"column":41}}],"line":202},"34":{"loc":{"start":{"line":203,"column":9},"end":{"line":220,"column":41}},"type":"if","locations":[{"start":{"line":203,"column":9},"end":{"line":220,"column":41}},{"start":{"line":203,"column":9},"end":{"line":220,"column":41}}],"line":203},"35":{"loc":{"start":{"line":204,"column":9},"end":{"line":220,"column":41}},"type":"if","locations":[{"start":{"line":204,"column":9},"end":{"line":220,"column":41}},{"start":{"line":204,"column":9},"end":{"line":220,"column":41}}],"line":204},"36":{"loc":{"start":{"line":206,"column":9},"end":{"line":220,"column":41}},"type":"if","locations":[{"start":{"line":206,"column":9},"end":{"line":220,"column":41}},{"start":{"line":206,"column":9},"end":{"line":220,"column":41}}],"line":206},"37":{"loc":{"start":{"line":207,"column":9},"end":{"line":220,"column":41}},"type":"if","locations":[{"start":{"line":207,"column":9},"end":{"line":220,"column":41}},{"start":{"line":207,"column":9},"end":{"line":220,"column":41}}],"line":207},"38":{"loc":{"start":{"line":208,"column":9},"end":{"line":220,"column":41}},"type":"if","locations":[{"start":{"line":208,"column":9},"end":{"line":220,"column":41}},{"start":{"line":208,"column":9},"end":{"line":220,"column":41}}],"line":208},"39":{"loc":{"start":{"line":209,"column":9},"end":{"line":220,"column":41}},"type":"if","locations":[{"start":{"line":209,"column":9},"end":{"line":220,"column":41}},{"start":{"line":209,"column":9},"end":{"line":220,"column":41}}],"line":209},"40":{"loc":{"start":{"line":210,"column":9},"end":{"line":220,"column":41}},"type":"if","locations":[{"start":{"line":210,"column":9},"end":{"line":220,"column":41}},{"start":{"line":210,"column":9},"end":{"line":220,"column":41}}],"line":210},"41":{"loc":{"start":{"line":211,"column":9},"end":{"line":220,"column":41}},"type":"if","locations":[{"start":{"line":211,"column":9},"end":{"line":220,"column":41}},{"start":{"line":211,"column":9},"end":{"line":220,"column":41}}],"line":211},"42":{"loc":{"start":{"line":212,"column":9},"end":{"line":220,"column":41}},"type":"if","locations":[{"start":{"line":212,"column":9},"end":{"line":220,"column":41}},{"start":{"line":212,"column":9},"end":{"line":220,"column":41}}],"line":212},"43":{"loc":{"start":{"line":213,"column":9},"end":{"line":220,"column":41}},"type":"if","locations":[{"start":{"line":213,"column":9},"end":{"line":220,"column":41}},{"start":{"line":213,"column":9},"end":{"line":220,"column":41}}],"line":213},"44":{"loc":{"start":{"line":214,"column":9},"end":{"line":220,"column":41}},"type":"if","locations":[{"start":{"line":214,"column":9},"end":{"line":220,"column":41}},{"start":{"line":214,"column":9},"end":{"line":220,"column":41}}],"line":214},"45":{"loc":{"start":{"line":215,"column":9},"end":{"line":220,"column":41}},"type":"if","locations":[{"start":{"line":215,"column":9},"end":{"line":220,"column":41}},{"start":{"line":215,"column":9},"end":{"line":220,"column":41}}],"line":215},"46":{"loc":{"start":{"line":217,"column":9},"end":{"line":220,"column":41}},"type":"if","locations":[{"start":{"line":217,"column":9},"end":{"line":220,"column":41}},{"start":{"line":217,"column":9},"end":{"line":220,"column":41}}],"line":217},"47":{"loc":{"start":{"line":218,"column":9},"end":{"line":220,"column":41}},"type":"if","locations":[{"start":{"line":218,"column":9},"end":{"line":220,"column":41}},{"start":{"line":218,"column":9},"end":{"line":220,"column":41}}],"line":218},"48":{"loc":{"start":{"line":219,"column":9},"end":{"line":220,"column":41}},"type":"if","locations":[{"start":{"line":219,"column":9},"end":{"line":220,"column":41}},{"start":{"line":219,"column":9},"end":{"line":220,"column":41}}],"line":219},"49":{"loc":{"start":{"line":220,"column":9},"end":{"line":220,"column":41}},"type":"if","locations":[{"start":{"line":220,"column":9},"end":{"line":220,"column":41}},{"start":{"line":220,"column":9},"end":{"line":220,"column":41}}],"line":220},"50":{"loc":{"start":{"line":228,"column":25},"end":{"line":230,"column":80}},"type":"cond-expr","locations":[{"start":{"line":229,"column":6},"end":{"line":229,"column":37}},{"start":{"line":230,"column":6},"end":{"line":230,"column":80}}],"line":228},"51":{"loc":{"start":{"line":235,"column":4},"end":{"line":245,"column":5}},"type":"if","locations":[{"start":{"line":235,"column":4},"end":{"line":245,"column":5}},{"start":{"line":235,"column":4},"end":{"line":245,"column":5}}],"line":235},"52":{"loc":{"start":{"line":278,"column":6},"end":{"line":282,"column":7}},"type":"if","locations":[{"start":{"line":278,"column":6},"end":{"line":282,"column":7}},{"start":{"line":278,"column":6},"end":{"line":282,"column":7}}],"line":278},"53":{"loc":{"start":{"line":294,"column":6},"end":{"line":298,"column":7}},"type":"if","locations":[{"start":{"line":294,"column":6},"end":{"line":298,"column":7}},{"start":{"line":294,"column":6},"end":{"line":298,"column":7}}],"line":294},"54":{"loc":{"start":{"line":331,"column":4},"end":{"line":339,"column":5}},"type":"if","locations":[{"start":{"line":331,"column":4},"end":{"line":339,"column":5}},{"start":{"line":331,"column":4},"end":{"line":339,"column":5}}],"line":331},"55":{"loc":{"start":{"line":331,"column":8},"end":{"line":331,"column":133}},"type":"binary-expr","locations":[{"start":{"line":331,"column":8},"end":{"line":331,"column":48}},{"start":{"line":331,"column":52},"end":{"line":331,"column":93}},{"start":{"line":331,"column":97},"end":{"line":331,"column":133}}],"line":331},"56":{"loc":{"start":{"line":340,"column":4},"end":{"line":346,"column":5}},"type":"if","locations":[{"start":{"line":340,"column":4},"end":{"line":346,"column":5}},{"start":{"line":340,"column":4},"end":{"line":346,"column":5}}],"line":340},"57":{"loc":{"start":{"line":340,"column":8},"end":{"line":340,"column":91}},"type":"binary-expr","locations":[{"start":{"line":340,"column":8},"end":{"line":340,"column":47}},{"start":{"line":340,"column":51},"end":{"line":340,"column":91}}],"line":340}},"s":{"0":15,"1":15,"2":15,"3":15,"4":10,"5":10,"6":10,"7":10,"8":47,"9":47,"10":0,"11":10,"12":11,"13":11,"14":28,"15":25,"16":11,"17":35,"18":35,"19":0,"20":35,"21":27,"22":8,"23":35,"24":11,"25":7,"26":0,"27":0,"28":0,"29":2,"30":0,"31":13,"32":13,"33":4,"34":6,"35":0,"36":0,"37":0,"38":0,"39":0,"40":0,"41":0,"42":4,"43":9,"44":8,"45":8,"46":8,"47":8,"48":8,"49":8,"50":0,"51":41,"52":1,"53":40,"54":1,"55":39,"56":1,"57":38,"58":1,"59":37,"60":1,"61":36,"62":1,"63":35,"64":1,"65":34,"66":1,"67":33,"68":1,"69":32,"70":1,"71":31,"72":1,"73":30,"74":1,"75":29,"76":1,"77":28,"78":1,"79":27,"80":1,"81":26,"82":1,"83":25,"84":1,"85":24,"86":1,"87":23,"88":1,"89":22,"90":1,"91":21,"92":1,"93":20,"94":1,"95":19,"96":1,"97":18,"98":1,"99":17,"100":1,"101":16,"102":1,"103":15,"104":1,"105":14,"106":1,"107":13,"108":1,"109":12,"110":1,"111":11,"112":1,"113":10,"114":1,"115":9,"116":1,"117":8,"118":1,"119":7,"120":1,"121":6,"122":1,"123":5,"124":1,"125":4,"126":1,"127":3,"128":1,"129":2,"130":1,"131":1,"132":10,"133":10,"134":10,"135":10,"136":10,"137":10,"138":4,"139":0,"140":4,"141":4,"142":10,"143":0,"144":0,"145":0,"146":0,"147":0,"148":0,"149":0,"150":0,"151":0,"152":0,"153":0,"154":0,"155":2,"156":2,"157":2,"158":1,"159":1,"160":1,"161":1,"162":1,"163":0,"164":0,"165":1,"166":17,"167":7,"168":10,"169":0,"170":10,"171":0},"f":{"0":15,"1":10,"2":47,"3":0,"4":11,"5":28,"6":35,"7":7,"8":0,"9":0,"10":0,"11":2,"12":0,"13":13,"14":6,"15":0,"16":0,"17":0,"18":0,"19":0,"20":8,"21":41,"22":10,"23":0,"24":0,"25":0,"26":0,"27":2,"28":2,"29":1,"30":1,"31":0,"32":1,"33":17,"34":0},"b":{"0":[10,37],"1":[25,3],"2":[28,7],"3":[35,0],"4":[27,8],"5":[22,13],"6":[0,13],"7":[1,1],"8":[4,9],"9":[0,0],"10":[1,40],"11":[1,39],"12":[1,38],"13":[1,37],"14":[1,36],"15":[1,35],"16":[1,34],"17":[1,33],"18":[1,32],"19":[1,31],"20":[1,30],"21":[1,29],"22":[1,28],"23":[1,27],"24":[1,26],"25":[1,25],"26":[1,24],"27":[1,23],"28":[1,22],"29":[1,21],"30":[1,20],"31":[1,19],"32":[1,18],"33":[1,17],"34":[1,16],"35":[1,15],"36":[1,14],"37":[1,13],"38":[1,12],"39":[1,11],"40":[1,10],"41":[1,9],"42":[1,8],"43":[1,7],"44":[1,6],"45":[1,5],"46":[1,4],"47":[1,3],"48":[1,2],"49":[1,1],"50":[10,0],"51":[4,6],"52":[0,0],"53":[0,0],"54":[7,10],"55":[17,17,17],"56":[0,10],"57":[10,10]},"_coverageSchema":"43e27e138ebf9cfc5966b082cf9a028302ed4184","hash":"96f739bd38a94f94bdfa4d8bfd6b556ce665c6bc"}
,"C:\\Users\\Joan Pastor\\Desktop\\FIB APP\\FIB\\src\\components\\navigation\\Drawer.js": {"path":"C:\\Users\\Joan Pastor\\Desktop\\FIB APP\\FIB\\src\\components\\navigation\\Drawer.js","statementMap":{"0":{"start":{"line":14,"column":4},"end":{"line":14,"column":17}},"1":{"start":{"line":15,"column":4},"end":{"line":15,"column":27}},"2":{"start":{"line":18,"column":13},"end":{"line":18,"column":18}},"3":{"start":{"line":21,"column":4},"end":{"line":40,"column":6}},"4":{"start":{"line":44,"column":4},"end":{"line":52,"column":5}},"5":{"start":{"line":45,"column":6},"end":{"line":45,"column":27}},"6":{"start":{"line":46,"column":6},"end":{"line":51,"column":9}},"7":{"start":{"line":49,"column":8},"end":{"line":49,"column":30}},"8":{"start":{"line":50,"column":8},"end":{"line":50,"column":40}},"9":{"start":{"line":56,"column":4},"end":{"line":56,"column":23}},"10":{"start":{"line":57,"column":4},"end":{"line":112,"column":6}},"11":{"start":{"line":63,"column":45},"end":{"line":63,"column":91}},"12":{"start":{"line":69,"column":45},"end":{"line":69,"column":89}},"13":{"start":{"line":75,"column":45},"end":{"line":75,"column":94}},"14":{"start":{"line":81,"column":45},"end":{"line":81,"column":98}},"15":{"start":{"line":87,"column":45},"end":{"line":87,"column":93}},"16":{"start":{"line":93,"column":45},"end":{"line":93,"column":93}},"17":{"start":{"line":99,"column":45},"end":{"line":99,"column":85}},"18":{"start":{"line":117,"column":2},"end":{"line":119,"column":4}}},"fnMap":{"0":{"name":"(anonymous_0)","decl":{"start":{"line":13,"column":2},"end":{"line":13,"column":3}},"loc":{"start":{"line":13,"column":21},"end":{"line":16,"column":3}},"line":13},"1":{"name":"(anonymous_1)","decl":{"start":{"line":20,"column":2},"end":{"line":20,"column":3}},"loc":{"start":{"line":20,"column":7},"end":{"line":41,"column":3}},"line":20},"2":{"name":"(anonymous_2)","decl":{"start":{"line":43,"column":2},"end":{"line":43,"column":3}},"loc":{"start":{"line":43,"column":22},"end":{"line":53,"column":3}},"line":43},"3":{"name":"(anonymous_3)","decl":{"start":{"line":48,"column":14},"end":{"line":48,"column":15}},"loc":{"start":{"line":48,"column":24},"end":{"line":51,"column":7}},"line":48},"4":{"name":"(anonymous_4)","decl":{"start":{"line":55,"column":2},"end":{"line":55,"column":3}},"loc":{"start":{"line":55,"column":11},"end":{"line":113,"column":3}},"line":55},"5":{"name":"(anonymous_5)","decl":{"start":{"line":63,"column":39},"end":{"line":63,"column":40}},"loc":{"start":{"line":63,"column":45},"end":{"line":63,"column":91}},"line":63},"6":{"name":"(anonymous_6)","decl":{"start":{"line":69,"column":39},"end":{"line":69,"column":40}},"loc":{"start":{"line":69,"column":45},"end":{"line":69,"column":89}},"line":69},"7":{"name":"(anonymous_7)","decl":{"start":{"line":75,"column":39},"end":{"line":75,"column":40}},"loc":{"start":{"line":75,"column":45},"end":{"line":75,"column":94}},"line":75},"8":{"name":"(anonymous_8)","decl":{"start":{"line":81,"column":39},"end":{"line":81,"column":40}},"loc":{"start":{"line":81,"column":45},"end":{"line":81,"column":98}},"line":81},"9":{"name":"(anonymous_9)","decl":{"start":{"line":87,"column":39},"end":{"line":87,"column":40}},"loc":{"start":{"line":87,"column":45},"end":{"line":87,"column":93}},"line":87},"10":{"name":"(anonymous_10)","decl":{"start":{"line":93,"column":39},"end":{"line":93,"column":40}},"loc":{"start":{"line":93,"column":45},"end":{"line":93,"column":93}},"line":93},"11":{"name":"(anonymous_11)","decl":{"start":{"line":99,"column":39},"end":{"line":99,"column":40}},"loc":{"start":{"line":99,"column":45},"end":{"line":99,"column":85}},"line":99},"12":{"name":"mapStateToProps","decl":{"start":{"line":116,"column":9},"end":{"line":116,"column":24}},"loc":{"start":{"line":116,"column":32},"end":{"line":120,"column":1}},"line":116}},"branchMap":{"0":{"loc":{"start":{"line":25,"column":9},"end":{"line":31,"column":25}},"type":"cond-expr","locations":[{"start":{"line":25,"column":50},"end":{"line":31,"column":14}},{"start":{"line":31,"column":17},"end":{"line":31,"column":25}}],"line":25},"1":{"loc":{"start":{"line":34,"column":9},"end":{"line":37,"column":26}},"type":"cond-expr","locations":[{"start":{"line":34,"column":45},"end":{"line":37,"column":15}},{"start":{"line":37,"column":18},"end":{"line":37,"column":26}}],"line":34},"2":{"loc":{"start":{"line":44,"column":4},"end":{"line":52,"column":5}},"type":"if","locations":[{"start":{"line":44,"column":4},"end":{"line":52,"column":5}},{"start":{"line":44,"column":4},"end":{"line":52,"column":5}}],"line":44},"3":{"loc":{"start":{"line":44,"column":8},"end":{"line":44,"column":66}},"type":"binary-expr","locations":[{"start":{"line":44,"column":8},"end":{"line":44,"column":40}},{"start":{"line":44,"column":44},"end":{"line":44,"column":66}}],"line":44}},"s":{"0":1,"1":1,"2":1,"3":4,"4":4,"5":1,"6":1,"7":0,"8":0,"9":4,"10":4,"11":0,"12":0,"13":0,"14":0,"15":0,"16":0,"17":0,"18":0},"f":{"0":1,"1":4,"2":4,"3":0,"4":4,"5":0,"6":0,"7":0,"8":0,"9":0,"10":0,"11":0,"12":0},"b":{"0":[3,1],"1":[2,2],"2":[1,3],"3":[4,2]},"_coverageSchema":"43e27e138ebf9cfc5966b082cf9a028302ed4184","hash":"b838e14376179b0c7462e2274d7753c4da6643c3"}
,"C:\\Users\\Joan Pastor\\Desktop\\FIB APP\\FIB\\src\\components\\navigation\\Events.js": {"path":"C:\\Users\\Joan Pastor\\Desktop\\FIB APP\\FIB\\src\\components\\navigation\\Events.js","statementMap":{"0":{"start":{"line":11,"column":17},"end":{"line":11,"column":82}},"1":{"start":{"line":11,"column":73},"end":{"line":11,"column":81}},"2":{"start":{"line":12,"column":20},"end":{"line":22,"column":7}},"3":{"start":{"line":13,"column":6},"end":{"line":13,"column":70}},"4":{"start":{"line":13,"column":38},"end":{"line":13,"column":67}},"5":{"start":{"line":15,"column":6},"end":{"line":21,"column":35}},"6":{"start":{"line":23,"column":4},"end":{"line":23,"column":21}},"7":{"start":{"line":27,"column":19},"end":{"line":27,"column":21}},"8":{"start":{"line":28,"column":20},"end":{"line":75,"column":7}},"9":{"start":{"line":28,"column":80},"end":{"line":28,"column":200}},"10":{"start":{"line":29,"column":6},"end":{"line":68,"column":7}},"11":{"start":{"line":30,"column":8},"end":{"line":35,"column":11}},"12":{"start":{"line":36,"column":8},"end":{"line":41,"column":10}},"13":{"start":{"line":43,"column":13},"end":{"line":68,"column":7}},"14":{"start":{"line":44,"column":24},"end":{"line":44,"column":68}},"15":{"start":{"line":45,"column":21},"end":{"line":45,"column":62}},"16":{"start":{"line":46,"column":8},"end":{"line":60,"column":9}},"17":{"start":{"line":48,"column":10},"end":{"line":48,"column":51}},"18":{"start":{"line":49,"column":23},"end":{"line":49,"column":54}},"19":{"start":{"line":50,"column":23},"end":{"line":50,"column":53}},"20":{"start":{"line":51,"column":23},"end":{"line":51,"column":50}},"21":{"start":{"line":52,"column":10},"end":{"line":52,"column":54}},"22":{"start":{"line":52,"column":34},"end":{"line":52,"column":54}},"23":{"start":{"line":53,"column":10},"end":{"line":53,"column":54}},"24":{"start":{"line":53,"column":34},"end":{"line":53,"column":54}},"25":{"start":{"line":54,"column":10},"end":{"line":59,"column":13}},"26":{"start":{"line":61,"column":8},"end":{"line":66,"column":10}},"27":{"start":{"line":69,"column":6},"end":{"line":74,"column":8}},"28":{"start":{"line":76,"column":4},"end":{"line":76,"column":44}},"29":{"start":{"line":78,"column":4},"end":{"line":78,"column":21}},"30":{"start":{"line":82,"column":20},"end":{"line":89,"column":6}},"31":{"start":{"line":85,"column":17},"end":{"line":85,"column":46}},"32":{"start":{"line":86,"column":6},"end":{"line":86,"column":41}},"33":{"start":{"line":86,"column":28},"end":{"line":86,"column":41}},"34":{"start":{"line":87,"column":6},"end":{"line":87,"column":42}},"35":{"start":{"line":87,"column":29},"end":{"line":87,"column":42}},"36":{"start":{"line":88,"column":6},"end":{"line":88,"column":18}},"37":{"start":{"line":90,"column":4},"end":{"line":90,"column":21}},"38":{"start":{"line":108,"column":20},"end":{"line":108,"column":40}},"39":{"start":{"line":110,"column":4},"end":{"line":110,"column":45}},"40":{"start":{"line":112,"column":4},"end":{"line":112,"column":44}},"41":{"start":{"line":113,"column":4},"end":{"line":113,"column":21}},"42":{"start":{"line":117,"column":4},"end":{"line":122,"column":5}},"43":{"start":{"line":118,"column":16},"end":{"line":118,"column":30}},"44":{"start":{"line":119,"column":6},"end":{"line":119,"column":45}},"45":{"start":{"line":121,"column":6},"end":{"line":121,"column":17}},"46":{"start":{"line":126,"column":4},"end":{"line":132,"column":5}},"47":{"start":{"line":127,"column":6},"end":{"line":131,"column":8}},"48":{"start":{"line":134,"column":4},"end":{"line":160,"column":7}},"49":{"start":{"line":135,"column":6},"end":{"line":142,"column":7}},"50":{"start":{"line":136,"column":8},"end":{"line":141,"column":10}},"51":{"start":{"line":143,"column":6},"end":{"line":150,"column":7}},"52":{"start":{"line":144,"column":8},"end":{"line":149,"column":10}},"53":{"start":{"line":151,"column":6},"end":{"line":158,"column":7}},"54":{"start":{"line":152,"column":8},"end":{"line":157,"column":10}},"55":{"start":{"line":159,"column":6},"end":{"line":159,"column":27}},"56":{"start":{"line":162,"column":4},"end":{"line":167,"column":6}},"57":{"start":{"line":173,"column":2},"end":{"line":178,"column":4}}},"fnMap":{"0":{"name":"(anonymous_0)","decl":{"start":{"line":10,"column":2},"end":{"line":10,"column":3}},"loc":{"start":{"line":10,"column":18},"end":{"line":24,"column":3}},"line":10},"1":{"name":"(anonymous_1)","decl":{"start":{"line":11,"column":62},"end":{"line":11,"column":63}},"loc":{"start":{"line":11,"column":73},"end":{"line":11,"column":81}},"line":11},"2":{"name":"(anonymous_2)","decl":{"start":{"line":12,"column":58},"end":{"line":12,"column":59}},"loc":{"start":{"line":12,"column":70},"end":{"line":14,"column":5}},"line":12},"3":{"name":"(anonymous_3)","decl":{"start":{"line":13,"column":25},"end":{"line":13,"column":26}},"loc":{"start":{"line":13,"column":36},"end":{"line":13,"column":69}},"line":13},"4":{"name":"(anonymous_4)","decl":{"start":{"line":14,"column":11},"end":{"line":14,"column":12}},"loc":{"start":{"line":14,"column":23},"end":{"line":22,"column":5}},"line":14},"5":{"name":"(anonymous_5)","decl":{"start":{"line":26,"column":2},"end":{"line":26,"column":3}},"loc":{"start":{"line":26,"column":23},"end":{"line":79,"column":3}},"line":26},"6":{"name":"(anonymous_6)","decl":{"start":{"line":28,"column":68},"end":{"line":28,"column":69}},"loc":{"start":{"line":28,"column":80},"end":{"line":28,"column":200}},"line":28},"7":{"name":"(anonymous_7)","decl":{"start":{"line":28,"column":206},"end":{"line":28,"column":207}},"loc":{"start":{"line":28,"column":217},"end":{"line":75,"column":5}},"line":28},"8":{"name":"(anonymous_8)","decl":{"start":{"line":81,"column":2},"end":{"line":81,"column":3}},"loc":{"start":{"line":81,"column":22},"end":{"line":91,"column":3}},"line":81},"9":{"name":"(anonymous_9)","decl":{"start":{"line":82,"column":78},"end":{"line":82,"column":79}},"loc":{"start":{"line":82,"column":86},"end":{"line":89,"column":5}},"line":82},"10":{"name":"(anonymous_10)","decl":{"start":{"line":106,"column":2},"end":{"line":106,"column":3}},"loc":{"start":{"line":106,"column":14},"end":{"line":114,"column":3}},"line":106},"11":{"name":"(anonymous_11)","decl":{"start":{"line":116,"column":2},"end":{"line":116,"column":3}},"loc":{"start":{"line":116,"column":17},"end":{"line":123,"column":3}},"line":116},"12":{"name":"(anonymous_12)","decl":{"start":{"line":125,"column":2},"end":{"line":125,"column":3}},"loc":{"start":{"line":125,"column":11},"end":{"line":168,"column":3}},"line":125},"13":{"name":"(anonymous_13)","decl":{"start":{"line":134,"column":41},"end":{"line":134,"column":42}},"loc":{"start":{"line":134,"column":49},"end":{"line":160,"column":5}},"line":134},"14":{"name":"mapStateToProps","decl":{"start":{"line":172,"column":9},"end":{"line":172,"column":24}},"loc":{"start":{"line":172,"column":32},"end":{"line":179,"column":1}},"line":172}},"branchMap":{"0":{"loc":{"start":{"line":28,"column":80},"end":{"line":28,"column":200}},"type":"binary-expr","locations":[{"start":{"line":28,"column":80},"end":{"line":28,"column":95}},{"start":{"line":28,"column":99},"end":{"line":28,"column":117}},{"start":{"line":28,"column":121},"end":{"line":28,"column":138}},{"start":{"line":28,"column":142},"end":{"line":28,"column":160}},{"start":{"line":28,"column":164},"end":{"line":28,"column":183}},{"start":{"line":28,"column":187},"end":{"line":28,"column":200}}],"line":28},"1":{"loc":{"start":{"line":29,"column":6},"end":{"line":68,"column":7}},"type":"if","locations":[{"start":{"line":29,"column":6},"end":{"line":68,"column":7}},{"start":{"line":29,"column":6},"end":{"line":68,"column":7}}],"line":29},"2":{"loc":{"start":{"line":29,"column":10},"end":{"line":29,"column":58}},"type":"binary-expr","locations":[{"start":{"line":29,"column":10},"end":{"line":29,"column":33}},{"start":{"line":29,"column":37},"end":{"line":29,"column":58}}],"line":29},"3":{"loc":{"start":{"line":43,"column":13},"end":{"line":68,"column":7}},"type":"if","locations":[{"start":{"line":43,"column":13},"end":{"line":68,"column":7}},{"start":{"line":43,"column":13},"end":{"line":68,"column":7}}],"line":43},"4":{"loc":{"start":{"line":43,"column":17},"end":{"line":43,"column":65}},"type":"binary-expr","locations":[{"start":{"line":43,"column":17},"end":{"line":43,"column":40}},{"start":{"line":43,"column":44},"end":{"line":43,"column":65}}],"line":43},"5":{"loc":{"start":{"line":52,"column":10},"end":{"line":52,"column":54}},"type":"if","locations":[{"start":{"line":52,"column":10},"end":{"line":52,"column":54}},{"start":{"line":52,"column":10},"end":{"line":52,"column":54}}],"line":52},"6":{"loc":{"start":{"line":53,"column":10},"end":{"line":53,"column":54}},"type":"if","locations":[{"start":{"line":53,"column":10},"end":{"line":53,"column":54}},{"start":{"line":53,"column":10},"end":{"line":53,"column":54}}],"line":53},"7":{"loc":{"start":{"line":86,"column":6},"end":{"line":86,"column":41}},"type":"if","locations":[{"start":{"line":86,"column":6},"end":{"line":86,"column":41}},{"start":{"line":86,"column":6},"end":{"line":86,"column":41}}],"line":86},"8":{"loc":{"start":{"line":87,"column":6},"end":{"line":87,"column":42}},"type":"if","locations":[{"start":{"line":87,"column":6},"end":{"line":87,"column":42}},{"start":{"line":87,"column":6},"end":{"line":87,"column":42}}],"line":87},"9":{"loc":{"start":{"line":126,"column":4},"end":{"line":132,"column":5}},"type":"if","locations":[{"start":{"line":126,"column":4},"end":{"line":132,"column":5}},{"start":{"line":126,"column":4},"end":{"line":132,"column":5}}],"line":126},"10":{"loc":{"start":{"line":126,"column":8},"end":{"line":126,"column":93}},"type":"binary-expr","locations":[{"start":{"line":126,"column":8},"end":{"line":126,"column":49}},{"start":{"line":126,"column":53},"end":{"line":126,"column":93}}],"line":126},"11":{"loc":{"start":{"line":135,"column":6},"end":{"line":142,"column":7}},"type":"if","locations":[{"start":{"line":135,"column":6},"end":{"line":142,"column":7}},{"start":{"line":135,"column":6},"end":{"line":142,"column":7}}],"line":135},"12":{"loc":{"start":{"line":139,"column":86},"end":{"line":139,"column":127}},"type":"cond-expr","locations":[{"start":{"line":139,"column":108},"end":{"line":139,"column":117}},{"start":{"line":139,"column":120},"end":{"line":139,"column":127}}],"line":139},"13":{"loc":{"start":{"line":143,"column":6},"end":{"line":150,"column":7}},"type":"if","locations":[{"start":{"line":143,"column":6},"end":{"line":150,"column":7}},{"start":{"line":143,"column":6},"end":{"line":150,"column":7}}],"line":143},"14":{"loc":{"start":{"line":151,"column":6},"end":{"line":158,"column":7}},"type":"if","locations":[{"start":{"line":151,"column":6},"end":{"line":158,"column":7}},{"start":{"line":151,"column":6},"end":{"line":158,"column":7}}],"line":151}},"s":{"0":9,"1":10,"2":9,"3":543,"4":1800,"5":4,"6":9,"7":9,"8":9,"9":74,"10":24,"11":4,"12":4,"13":20,"14":4,"15":4,"16":4,"17":10,"18":10,"19":10,"20":10,"21":10,"22":10,"23":10,"24":6,"25":10,"26":4,"27":16,"28":9,"29":9,"30":9,"31":23,"32":23,"33":22,"34":1,"35":1,"36":0,"37":9,"38":8,"39":8,"40":8,"41":8,"42":2,"43":2,"44":2,"45":0,"46":7,"47":0,"48":7,"49":0,"50":0,"51":0,"52":0,"53":0,"54":0,"55":0,"56":7,"57":0},"f":{"0":9,"1":10,"2":543,"3":1800,"4":4,"5":9,"6":74,"7":24,"8":9,"9":23,"10":8,"11":2,"12":7,"13":0,"14":0},"b":{"0":[74,58,56,54,54,52],"1":[4,20],"2":[24,8],"3":[4,16],"4":[20,4],"5":[10,0],"6":[6,4],"7":[22,1],"8":[1,0],"9":[0,7],"10":[7,7],"11":[0,0],"12":[0,0],"13":[0,0],"14":[0,0]},"_coverageSchema":"43e27e138ebf9cfc5966b082cf9a028302ed4184","hash":"a542ccff2a05f8191e37ed0281f5c3d5c0da115b"}
,"C:\\Users\\Joan Pastor\\Desktop\\FIB APP\\FIB\\src\\components\\navigation\\ExternalLinks.js": {"path":"C:\\Users\\Joan Pastor\\Desktop\\FIB APP\\FIB\\src\\components\\navigation\\ExternalLinks.js","statementMap":{"0":{"start":{"line":8,"column":19},"end":{"line":8,"column":104}},"1":{"start":{"line":14,"column":4},"end":{"line":77,"column":6}},"2":{"start":{"line":21,"column":49},"end":{"line":21,"column":75}},"3":{"start":{"line":26,"column":49},"end":{"line":26,"column":82}},"4":{"start":{"line":36,"column":49},"end":{"line":36,"column":77}},"5":{"start":{"line":39,"column":49},"end":{"line":39,"column":76}},"6":{"start":{"line":42,"column":49},"end":{"line":42,"column":79}},"7":{"start":{"line":45,"column":49},"end":{"line":45,"column":77}},"8":{"start":{"line":55,"column":49},"end":{"line":55,"column":79}},"9":{"start":{"line":58,"column":49},"end":{"line":58,"column":76}},"10":{"start":{"line":61,"column":49},"end":{"line":61,"column":76}},"11":{"start":{"line":64,"column":49},"end":{"line":64,"column":75}},"12":{"start":{"line":67,"column":49},"end":{"line":67,"column":76}},"13":{"start":{"line":70,"column":49},"end":{"line":70,"column":73}},"14":{"start":{"line":84,"column":2},"end":{"line":85,"column":4}}},"fnMap":{"0":{"name":"(anonymous_0)","decl":{"start":{"line":12,"column":2},"end":{"line":12,"column":3}},"loc":{"start":{"line":12,"column":11},"end":{"line":79,"column":3}},"line":12},"1":{"name":"(anonymous_1)","decl":{"start":{"line":21,"column":43},"end":{"line":21,"column":44}},"loc":{"start":{"line":21,"column":49},"end":{"line":21,"column":75}},"line":21},"2":{"name":"(anonymous_2)","decl":{"start":{"line":26,"column":43},"end":{"line":26,"column":44}},"loc":{"start":{"line":26,"column":49},"end":{"line":26,"column":82}},"line":26},"3":{"name":"(anonymous_3)","decl":{"start":{"line":36,"column":43},"end":{"line":36,"column":44}},"loc":{"start":{"line":36,"column":49},"end":{"line":36,"column":77}},"line":36},"4":{"name":"(anonymous_4)","decl":{"start":{"line":39,"column":43},"end":{"line":39,"column":44}},"loc":{"start":{"line":39,"column":49},"end":{"line":39,"column":76}},"line":39},"5":{"name":"(anonymous_5)","decl":{"start":{"line":42,"column":43},"end":{"line":42,"column":44}},"loc":{"start":{"line":42,"column":49},"end":{"line":42,"column":79}},"line":42},"6":{"name":"(anonymous_6)","decl":{"start":{"line":45,"column":43},"end":{"line":45,"column":44}},"loc":{"start":{"line":45,"column":49},"end":{"line":45,"column":77}},"line":45},"7":{"name":"(anonymous_7)","decl":{"start":{"line":55,"column":43},"end":{"line":55,"column":44}},"loc":{"start":{"line":55,"column":49},"end":{"line":55,"column":79}},"line":55},"8":{"name":"(anonymous_8)","decl":{"start":{"line":58,"column":43},"end":{"line":58,"column":44}},"loc":{"start":{"line":58,"column":49},"end":{"line":58,"column":76}},"line":58},"9":{"name":"(anonymous_9)","decl":{"start":{"line":61,"column":43},"end":{"line":61,"column":44}},"loc":{"start":{"line":61,"column":49},"end":{"line":61,"column":76}},"line":61},"10":{"name":"(anonymous_10)","decl":{"start":{"line":64,"column":43},"end":{"line":64,"column":44}},"loc":{"start":{"line":64,"column":49},"end":{"line":64,"column":75}},"line":64},"11":{"name":"(anonymous_11)","decl":{"start":{"line":67,"column":43},"end":{"line":67,"column":44}},"loc":{"start":{"line":67,"column":49},"end":{"line":67,"column":76}},"line":67},"12":{"name":"(anonymous_12)","decl":{"start":{"line":70,"column":43},"end":{"line":70,"column":44}},"loc":{"start":{"line":70,"column":49},"end":{"line":70,"column":73}},"line":70},"13":{"name":"mapStateToProps","decl":{"start":{"line":83,"column":9},"end":{"line":83,"column":24}},"loc":{"start":{"line":83,"column":32},"end":{"line":86,"column":1}},"line":83}},"branchMap":{},"s":{"0":1,"1":1,"2":0,"3":0,"4":0,"5":0,"6":0,"7":0,"8":0,"9":0,"10":0,"11":0,"12":0,"13":0,"14":1},"f":{"0":1,"1":0,"2":0,"3":0,"4":0,"5":0,"6":0,"7":0,"8":0,"9":0,"10":0,"11":0,"12":0,"13":1},"b":{},"_coverageSchema":"43e27e138ebf9cfc5966b082cf9a028302ed4184","hash":"294ccb0e60fb790abd5fd4590335526205334219"}
,"C:\\Users\\Joan Pastor\\Desktop\\FIB APP\\FIB\\src\\components\\navigation\\Feedback.js": {"path":"C:\\Users\\Joan Pastor\\Desktop\\FIB APP\\FIB\\src\\components\\navigation\\Feedback.js","statementMap":{"0":{"start":{"line":14,"column":4},"end":{"line":16,"column":131}},"1":{"start":{"line":16,"column":19},"end":{"line":16,"column":129}},"2":{"start":{"line":20,"column":4},"end":{"line":20,"column":35}},"3":{"start":{"line":24,"column":28},"end":{"line":24,"column":52}},"4":{"start":{"line":25,"column":4},"end":{"line":54,"column":6}}},"fnMap":{"0":{"name":"(anonymous_0)","decl":{"start":{"line":13,"column":2},"end":{"line":13,"column":3}},"loc":{"start":{"line":13,"column":13},"end":{"line":17,"column":3}},"line":13},"1":{"name":"(anonymous_1)","decl":{"start":{"line":16,"column":13},"end":{"line":16,"column":14}},"loc":{"start":{"line":16,"column":19},"end":{"line":16,"column":129}},"line":16},"2":{"name":"(anonymous_2)","decl":{"start":{"line":19,"column":2},"end":{"line":19,"column":3}},"loc":{"start":{"line":19,"column":24},"end":{"line":21,"column":3}},"line":19},"3":{"name":"(anonymous_3)","decl":{"start":{"line":23,"column":2},"end":{"line":23,"column":3}},"loc":{"start":{"line":23,"column":11},"end":{"line":55,"column":3}},"line":23}},"branchMap":{},"s":{"0":0,"1":0,"2":0,"3":1,"4":1},"f":{"0":0,"1":0,"2":0,"3":1},"b":{},"_coverageSchema":"43e27e138ebf9cfc5966b082cf9a028302ed4184","hash":"dc1b835c0581ebe63b225268ef1997f66a53ab61"}
[...]
ame":"(anonymous_0)","decl":{"start":{"line":9,"column":2},"end":{"line":9,"column":3}},"loc":{"start":{"line":9,"column":21},"end":{"line":13,"column":3}},"line":9},"1":{"name":"(anonymous_1)","decl":{"start":{"line":15,"column":2},"end":{"line":15,"column":3}},"loc":{"start":{"line":15,"column":11},"end":{"line":60,"column":3}},"line":15},"2":{"name":"(anonymous_2)","decl":{"start":{"line":62,"column":2},"end":{"line":62,"column":3}},"loc":{"start":{"line":62,"column":30},"end":{"line":91,"column":3}},"line":62},"3":{"name":"(anonymous_3)","decl":{"start":{"line":72,"column":29},"end":{"line":72,"column":30}},"loc":{"start":{"line":72,"column":38},"end":{"line":88,"column":7}},"line":72},"4":{"name":"(anonymous_4)","decl":{"start":{"line":93,"column":2},"end":{"line":93,"column":3}},"loc":{"start":{"line":93,"column":47},"end":{"line":112,"column":3}},"line":93},"5":{"name":"(anonymous_5)","decl":{"start":{"line":114,"column":2},"end":{"line":114,"column":3}},"loc":{"start":{"line":114,"column":66},"end":{"line":156,"column":3}},"line":114},"6":{"name":"(anonymous_6)","decl":{"start":{"line":124,"column":40},"end":{"line":124,"column":41}},"loc":{"start":{"line":124,"column":51},"end":{"line":128,"column":9}},"line":124},"7":{"name":"(anonymous_7)","decl":{"start":{"line":130,"column":39},"end":{"line":130,"column":40}},"loc":{"start":{"line":130,"column":45},"end":{"line":130,"column":84}},"line":130},"8":{"name":"(anonymous_8)","decl":{"start":{"line":139,"column":39},"end":{"line":139,"column":40}},"loc":{"start":{"line":139,"column":45},"end":{"line":139,"column":84}},"line":139},"9":{"name":"(anonymous_9)","decl":{"start":{"line":147,"column":35},"end":{"line":147,"column":36}},"loc":{"start":{"line":147,"column":41},"end":{"line":147,"column":80}},"line":147},"10":{"name":"(anonymous_10)","decl":{"start":{"line":158,"column":2},"end":{"line":158,"column":3}},"loc":{"start":{"line":158,"column":19},"end":{"line":173,"column":3}},"line":158},"11":{"name":"(anonymous_11)","decl":{"start":{"line":162,"column":20},"end":{"line":162,"column":21}},"loc":{"start":{"line":162,"column":38},"end":{"line":167,"column":7}},"line":162},"12":{"name":"mapStateToProps","decl":{"start":{"line":176,"column":9},"end":{"line":176,"column":24}},"loc":{"start":{"line":176,"column":32},"end":{"line":181,"column":1}},"line":176}},"branchMap":{"0":{"loc":{"start":{"line":35,"column":22},"end":{"line":35,"column":51}},"type":"cond-expr","locations":[{"start":{"line":35,"column":39},"end":{"line":35,"column":43}},{"start":{"line":35,"column":46},"end":{"line":35,"column":51}}],"line":35},"1":{"loc":{"start":{"line":38,"column":4},"end":{"line":40,"column":5}},"type":"if","locations":[{"start":{"line":38,"column":4},"end":{"line":40,"column":5}},{"start":{"line":38,"column":4},"end":{"line":40,"column":5}}],"line":38},"2":{"loc":{"start":{"line":38,"column":8},"end":{"line":38,"column":74}},"type":"binary-expr","locations":[{"start":{"line":38,"column":8},"end":{"line":38,"column":41}},{"start":{"line":38,"column":45},"end":{"line":38,"column":74}}],"line":38},"3":{"loc":{"start":{"line":71,"column":4},"end":{"line":89,"column":5}},"type":"if","locations":[{"start":{"line":71,"column":4},"end":{"line":89,"column":5}},{"start":{"line":71,"column":4},"end":{"line":89,"column":5}}],"line":71},"4":{"loc":{"start":{"line":71,"column":8},"end":{"line":71,"column":52}},"type":"binary-expr","locations":[{"start":{"line":71,"column":8},"end":{"line":71,"column":30}},{"start":{"line":71,"column":34},"end":{"line":71,"column":52}}],"line":71},"5":{"loc":{"start":{"line":73,"column":8},"end":{"line":76,"column":9}},"type":"if","locations":[{"start":{"line":73,"column":8},"end":{"line":76,"column":9}},{"start":{"line":73,"column":8},"end":{"line":76,"column":9}}],"line":73},"6":{"loc":{"start":{"line":78,"column":10},"end":{"line":86,"column":11}},"type":"if","locations":[{"start":{"line":78,"column":10},"end":{"line":86,"column":11}},{"start":{"line":78,"column":10},"end":{"line":86,"column":11}}],"line":78},"7":{"loc":{"start":{"line":81,"column":15},"end":{"line":86,"column":11}},"type":"if","locations":[{"start":{"line":81,"column":15},"end":{"line":86,"column":11}},{"start":{"line":81,"column":15},"end":{"line":86,"column":11}}],"line":81},"8":{"loc":{"start":{"line":96,"column":4},"end":{"line":96,"column":46}},"type":"if","locations":[{"start":{"line":96,"column":4},"end":{"line":96,"column":46}},{"start":{"line":96,"column":4},"end":{"line":96,"column":46}}],"line":96},"9":{"loc":{"start":{"line":100,"column":20},"end":{"line":100,"column":56}},"type":"cond-expr","locations":[{"start":{"line":100,"column":35},"end":{"line":100,"column":44}},{"start":{"line":100,"column":47},"end":{"line":100,"column":56}}],"line":100},"10":{"loc":{"start":{"line":118,"column":4},"end":{"line":154,"column":5}},"type":"if","locations":[{"start":{"line":118,"column":4},"end":{"line":154,"column":5}},{"start":{"line":118,"column":4},"end":{"line":154,"column":5}}],"line":118},"11":{"loc":{"start":{"line":121,"column":9},"end":{"line":154,"column":5}},"type":"if","locations":[{"start":{"line":121,"column":9},"end":{"line":154,"column":5}},{"start":{"line":121,"column":9},"end":{"line":154,"column":5}}],"line":121},"12":{"loc":{"start":{"line":122,"column":6},"end":{"line":145,"column":7}},"type":"if","locations":[{"start":{"line":122,"column":6},"end":{"line":145,"column":7}},{"start":{"line":122,"column":6},"end":{"line":145,"column":7}}],"line":122},"13":{"loc":{"start":{"line":137,"column":11},"end":{"line":145,"column":7}},"type":"if","locations":[{"start":{"line":137,"column":11},"end":{"line":145,"column":7}},{"start":{"line":137,"column":11},"end":{"line":145,"column":7}}],"line":137},"14":{"loc":{"start":{"line":137,"column":35},"end":{"line":137,"column":106}},"type":"binary-expr","locations":[{"start":{"line":137,"column":35},"end":{"line":137,"column":66}},{"start":{"line":137,"column":70},"end":{"line":137,"column":106}}],"line":137},"15":{"loc":{"start":{"line":150,"column":37},"end":{"line":150,"column":123}},"type":"cond-expr","locations":[{"start":{"line":150,"column":86},"end":{"line":150,"column":115}},{"start":{"line":150,"column":118},"end":{"line":150,"column":123}}],"line":150},"16":{"loc":{"start":{"line":159,"column":4},"end":{"line":172,"column":5}},"type":"if","locations":[{"start":{"line":159,"column":4},"end":{"line":172,"column":5}},{"start":{"line":159,"column":4},"end":{"line":172,"column":5}}],"line":159},"17":{"loc":{"start":{"line":163,"column":8},"end":{"line":165,"column":9}},"type":"if","locations":[{"start":{"line":163,"column":8},"end":{"line":165,"column":9}},{"start":{"line":163,"column":8},"end":{"line":165,"column":9}}],"line":163}},"s":{"0":11,"1":11,"2":11,"3":11,"4":11,"5":11,"6":11,"7":7,"8":11,"9":11,"10":11,"11":11,"12":14,"13":14,"14":14,"15":14,"16":14,"17":14,"18":14,"19":14,"20":14,"21":10,"22":25,"23":17,"24":17,"25":25,"26":25,"27":50,"28":44,"29":6,"30":0,"31":6,"32":14,"33":11,"34":11,"35":11,"36":0,"37":11,"38":11,"39":11,"40":143,"41":143,"42":11,"43":722,"44":722,"45":0,"46":722,"47":37,"48":6,"49":6,"50":12,"51":6,"52":0,"53":31,"54":20,"55":0,"56":11,"57":0,"58":685,"59":3,"60":2,"61":2,"62":2,"63":5,"64":3,"65":5,"66":2,"67":1,"68":0},"f":{"0":11,"1":11,"2":14,"3":25,"4":11,"5":722,"6":12,"7":0,"8":0,"9":0,"10":3,"11":5,"12":0},"b":{"0":[0,11],"1":[7,4],"2":[11,7],"3":[10,4],"4":[14,14],"5":[17,8],"6":[44,6],"7":[0,6],"8":[0,11],"9":[77,66],"10":[0,722],"11":[37,685],"12":[6,31],"13":[20,11],"14":[31,31],"15":[11,0],"16":[2,1],"17":[3,2]},"_coverageSchema":"43e27e138ebf9cfc5966b082cf9a028302ed4184","hash":"112479b522313556b544de3bcdde25e5507efd18"}
,"C:\\Users\\Joan Pastor\\Desktop\\FIB APP\\FIB\\src\\components\\navigation\\Labs.js": {"path":"C:\\Users\\Joan Pastor\\Desktop\\FIB APP\\FIB\\src\\components\\navigation\\Labs.js","statementMap":{"0":{"start":{"line":12,"column":4},"end":{"line":12,"column":17}},"1":{"start":{"line":13,"column":4},"end":{"line":13,"column":32}},"2":{"start":{"line":17,"column":4},"end":{"line":17,"column":19}},"3":{"start":{"line":21,"column":4},"end":{"line":21,"column":93}},"4":{"start":{"line":21,"column":40},"end":{"line":21,"column":91}},"5":{"start":{"line":25,"column":22},"end":{"line":25,"column":52}},"6":{"start":{"line":26,"column":15},"end":{"line":26,"column":17}},"7":{"start":{"line":27,"column":22},"end":{"line":27,"column":48}},"8":{"start":{"line":28,"column":4},"end":{"line":28,"column":67}},"9":{"start":{"line":28,"column":49},"end":{"line":28,"column":67}},"10":{"start":{"line":29,"column":4},"end":{"line":42,"column":7}},"11":{"start":{"line":30,"column":6},"end":{"line":41,"column":8}},"12":{"start":{"line":43,"column":4},"end":{"line":43,"column":16}},"13":{"start":{"line":47,"column":4},"end":{"line":56,"column":6}},"14":{"start":{"line":50,"column":25},"end":{"line":50,"column":39}},"15":{"start":{"line":61,"column":2},"end":{"line":64,"column":4}}},"fnMap":{"0":{"name":"(anonymous_0)","decl":{"start":{"line":11,"column":2},"end":{"line":11,"column":3}},"loc":{"start":{"line":11,"column":21},"end":{"line":14,"column":3}},"line":11},"1":{"name":"(anonymous_1)","decl":{"start":{"line":16,"column":2},"end":{"line":16,"column":3}},"loc":{"start":{"line":16,"column":22},"end":{"line":18,"column":3}},"line":16},"2":{"name":"(anonymous_2)","decl":{"start":{"line":20,"column":2},"end":{"line":20,"column":3}},"loc":{"start":{"line":20,"column":18},"end":{"line":22,"column":3}},"line":20},"3":{"name":"(anonymous_3)","decl":{"start":{"line":21,"column":34},"end":{"line":21,"column":35}},"loc":{"start":{"line":21,"column":40},"end":{"line":21,"column":91}},"line":21},"4":{"name":"(anonymous_4)","decl":{"start":{"line":24,"column":2},"end":{"line":24,"column":3}},"loc":{"start":{"line":24,"column":15},"end":{"line":44,"column":3}},"line":24},"5":{"name":"(anonymous_5)","decl":{"start":{"line":29,"column":41},"end":{"line":29,"column":42}},"loc":{"start":{"line":29,"column":55},"end":{"line":42,"column":5}},"line":29},"6":{"name":"(anonymous_6)","decl":{"start":{"line":46,"column":2},"end":{"line":46,"column":3}},"loc":{"start":{"line":46,"column":11},"end":{"line":57,"column":3}},"line":46},"7":{"name":"(anonymous_7)","decl":{"start":{"line":50,"column":19},"end":{"line":50,"column":20}},"loc":{"start":{"line":50,"column":25},"end":{"line":50,"column":39}},"line":50},"8":{"name":"mapStateToProps","decl":{"start":{"line":60,"column":9},"end":{"line":60,"column":24}},"loc":{"start":{"line":60,"column":32},"end":{"line":65,"column":1}},"line":60}},"branchMap":{"0":{"loc":{"start":{"line":28,"column":4},"end":{"line":28,"column":67}},"type":"if","locations":[{"start":{"line":28,"column":4},"end":{"line":28,"column":67}},{"start":{"line":28,"column":4},"end":{"line":28,"column":67}}],"line":28}},"s":{"0":1,"1":1,"2":1,"3":1,"4":0,"5":2,"6":2,"7":2,"8":2,"9":2,"10":2,"11":6,"12":2,"13":2,"14":0,"15":0},"f":{"0":1,"1":1,"2":1,"3":0,"4":2,"5":6,"6":2,"7":0,"8":0},"b":{"0":[2,0]},"_coverageSchema":"43e27e138ebf9cfc5966b082cf9a028302ed4184","hash":"ea8566d79069cba2ed6fe38704f965ef149e6bda"}
,"C:\\Users\\Joan Pastor\\Desktop\\FIB APP\\FIB\\src\\components\\navigation\\Noticies.js": {"path":"C:\\Users\\Joan Pastor\\Desktop\\FIB APP\\FIB\\src\\components\\navigation\\Noticies.js","statementMap":{"0":{"start":{"line":18,"column":4},"end":{"line":18,"column":17}},"1":{"start":{"line":19,"column":4},"end":{"line":19,"column":60}},"2":{"start":{"line":22,"column":4},"end":{"line":22,"column":35}},"3":{"start":{"line":23,"column":4},"end":{"line":23,"column":23}},"4":{"start":{"line":27,"column":23},"end":{"line":27,"column":47}},"5":{"start":{"line":28,"column":24},"end":{"line":28,"column":61}},"6":{"start":{"line":29,"column":23},"end":{"line":29,"column":43}},"7":{"start":{"line":30,"column":4},"end":{"line":51,"column":6}},"8":{"start":{"line":32,"column":41},"end":{"line":32,"column":84}},"9":{"start":{"line":55,"column":19},"end":{"line":55,"column":21}},"10":{"start":{"line":56,"column":4},"end":{"line":84,"column":5}},"11":{"start":{"line":57,"column":6},"end":{"line":83,"column":9}},"12":{"start":{"line":59,"column":24},"end":{"line":59,"column":79}},"13":{"start":{"line":60,"column":8},"end":{"line":62,"column":18}},"14":{"start":{"line":61,"column":10},"end":{"line":61,"column":75}},"15":{"start":{"line":64,"column":26},"end":{"line":64,"column":28}},"16":{"start":{"line":65,"column":8},"end":{"line":67,"column":18}},"17":{"start":{"line":66,"column":10},"end":{"line":66,"column":105}},"18":{"start":{"line":69,"column":19},"end":{"line":69,"column":21}},"19":{"start":{"line":70,"column":8},"end":{"line":72,"column":18}},"20":{"start":{"line":71,"column":10},"end":{"line":71,"column":119}},"21":{"start":{"line":74,"column":8},"end":{"line":82,"column":10}},"22":{"start":{"line":85,"column":4},"end":{"line":85,"column":20}},"23":{"start":{"line":89,"column":4},"end":{"line":89,"column":37}},"24":{"start":{"line":90,"column":4},"end":{"line":94,"column":99}},"25":{"start":{"line":91,"column":4},"end":{"line":93,"column":189}},"26":{"start":{"line":93,"column":23},"end":{"line":93,"column":56}},"27":{"start":{"line":93,"column":57},"end":{"line":93,"column":93}},"28":{"start":{"line":93,"column":109},"end":{"line":93,"column":149}},"29":{"start":{"line":93,"column":150},"end":{"line":93,"column":186}},"30":{"start":{"line":94,"column":19},"end":{"line":94,"column":59}},"31":{"start":{"line":94,"column":60},"end":{"line":94,"column":96}},"32":{"start":{"line":99,"column":4},"end":{"line":99,"column":34}},"33":{"start":{"line":108,"column":4},"end":{"line":138,"column":6}},"34":{"start":{"line":112,"column":34},"end":{"line":112,"column":44}},"35":{"start":{"line":113,"column":32},"end":{"line":113,"column":56}},"36":{"start":{"line":115,"column":27},"end":{"line":115,"column":45}},"37":{"start":{"line":120,"column":33},"end":{"line":120,"column":64}},"38":{"start":{"line":121,"column":35},"end":{"line":121,"column":66}},"39":{"start":{"line":125,"column":96},"end":{"line":125,"column":125}},"40":{"start":{"line":133,"column":36},"end":{"line":133,"column":174}},"41":{"start":{"line":143,"column":2},"end":{"line":146,"column":4}}},"fnMap":{"0":{"name":"(anonymous_0)","decl":{"start":{"line":17,"column":2},"end":{"line":17,"column":3}},"loc":{"start":{"line":17,"column":21},"end":{"line":24,"column":3}},"line":17},"1":{"name":"(anonymous_1)","decl":{"start":{"line":26,"column":2},"end":{"line":26,"column":3}},"loc":{"start":{"line":26,"column":24},"end":{"line":52,"column":3}},"line":26},"2":{"name":"(anonymous_2)","decl":{"start":{"line":32,"column":35},"end":{"line":32,"column":36}},"loc":{"start":{"line":32,"column":41},"end":{"line":32,"column":84}},"line":32},"3":{"name":"(anonymous_3)","decl":{"start":{"line":54,"column":2},"end":{"line":54,"column":3}},"loc":{"start":{"line":54,"column":12},"end":{"line":86,"column":3}},"line":54},"4":{"name":"(anonymous_4)","decl":{"start":{"line":57,"column":43},"end":{"line":57,"column":44}},"loc":{"start":{"line":57,"column":56},"end":{"line":83,"column":7}},"line":57},"5":{"name":"(anonymous_5)","decl":{"start":{"line":88,"column":2},"end":{"line":88,"column":3}},"loc":{"start":{"line":88,"column":22},"end":{"line":95,"column":3}},"line":88},"6":{"name":"(anonymous_6)","decl":{"start":{"line":90,"column":46},"end":{"line":90,"column":47}},"loc":{"start":{"line":90,"column":67},"end":{"line":94,"column":4}},"line":90},"7":{"name":"(anonymous_7)","decl":{"start":{"line":93,"column":12},"end":{"line":93,"column":13}},"loc":{"start":{"line":93,"column":22},"end":{"line":93,"column":94}},"line":93},"8":{"name":"(anonymous_8)","decl":{"start":{"line":93,"column":102},"end":{"line":93,"column":103}},"loc":{"start":{"line":93,"column":108},"end":{"line":93,"column":187}},"line":93},"9":{"name":"(anonymous_9)","decl":{"start":{"line":94,"column":12},"end":{"line":94,"column":13}},"loc":{"start":{"line":94,"column":18},"end":{"line":94,"column":97}},"line":94},"10":{"name":"(anonymous_10)","decl":{"start":{"line":97,"column":2},"end":{"line":97,"column":3}},"loc":{"start":{"line":97,"column":22},"end":{"line":105,"column":3}},"line":97},"11":{"name":"(anonymous_11)","decl":{"start":{"line":107,"column":2},"end":{"line":107,"column":3}},"loc":{"start":{"line":107,"column":11},"end":{"line":139,"column":3}},"line":107},"12":{"name":"(anonymous_12)","decl":{"start":{"line":112,"column":24},"end":{"line":112,"column":25}},"loc":{"start":{"line":112,"column":34},"end":{"line":112,"column":44}},"line":112},"13":{"name":"(anonymous_13)","decl":{"start":{"line":113,"column":22},"end":{"line":113,"column":23}},"loc":{"start":{"line":113,"column":32},"end":{"line":113,"column":56}},"line":113},"14":{"name":"(anonymous_14)","decl":{"start":{"line":115,"column":21},"end":{"line":115,"column":22}},"loc":{"start":{"line":115,"column":27},"end":{"line":115,"column":45}},"line":115},"15":{"name":"(anonymous_15)","decl":{"start":{"line":120,"column":27},"end":{"line":120,"column":28}},"loc":{"start":{"line":120,"column":33},"end":{"line":120,"column":64}},"line":120},"16":{"name":"(anonymous_16)","decl":{"start":{"line":121,"column":29},"end":{"line":121,"column":30}},"loc":{"start":{"line":121,"column":35},"end":{"line":121,"column":66}},"line":121},"17":{"name":"(anonymous_17)","decl":{"start":{"line":125,"column":90},"end":{"line":125,"column":91}},"loc":{"start":{"line":125,"column":96},"end":{"line":125,"column":125}},"line":125},"18":{"name":"(anonymous_18)","decl":{"start":{"line":133,"column":29},"end":{"line":133,"column":30}},"loc":{"start":{"line":133,"column":35},"end":{"line":133,"column":175}},"line":133},"19":{"name":"mapStateToProps","decl":{"start":{"line":142,"column":9},"end":{"line":142,"column":24}},"loc":{"start":{"line":142,"column":32},"end":{"line":147,"column":1}},"line":142}},"branchMap":{"0":{"loc":{"start":{"line":56,"column":4},"end":{"line":84,"column":5}},"type":"if","locations":[{"start":{"line":56,"column":4},"end":{"line":84,"column":5}},{"start":{"line":56,"column":4},"end":{"line":84,"column":5}}],"line":56}},"s":{"0":7,"1":7,"2":7,"3":7,"4":1,"5":1,"6":1,"7":1,"8":0,"9":11,"10":11,"11":11,"12":26,"13":26,"14":26,"15":26,"16":26,"17":26,"18":26,"19":26,"20":26,"21":26,"22":11,"23":2,"24":2,"25":2,"26":1,"27":1,"28":1,"29":1,"30":0,"31":0,"32":0,"33":8,"34":0,"35":0,"36":0,"37":0,"38":0,"39":0,"40":0,"41":0},"f":{"0":7,"1":1,"2":0,"3":11,"4":26,"5":2,"6":2,"7":1,"8":1,"9":0,"10":0,"11":8,"12":0,"13":0,"14":0,"15":0,"16":0,"17":0,"18":0,"19":0},"b":{"0":[11,0]},"_coverageSchema":"43e27e138ebf9cfc5966b082cf9a028302ed4184","hash":"38cd165cd9fe0da78aa81b3a96a1afe9f58af794"}
,"C:\\Users\\Joan Pastor\\Desktop\\FIB APP\\FIB\\src\\components\\navigation\\SalesBibl.js": {"path":"C:\\Users\\Joan Pastor\\Desktop\\FIB APP\\FIB\\src\\components\\navigation\\SalesBibl.js","statementMap":{"0":{"start":{"line":13,"column":4},"end":{"line":20,"column":6}},"1":{"start":{"line":25,"column":2},"end":{"line":27,"column":4}}},"fnMap":{"0":{"name":"(anonymous_0)","decl":{"start":{"line":12,"column":2},"end":{"line":12,"column":3}},"loc":{"start":{"line":12,"column":11},"end":{"line":21,"column":3}},"line":12},"1":{"name":"mapStateToProps","decl":{"start":{"line":24,"column":9},"end":{"line":24,"column":24}},"loc":{"start":{"line":24,"column":32},"end":{"line":28,"column":1}},"line":24}},"branchMap":{},"s":{"0":1,"1":1},"f":{"0":1,"1":1},"b":{},"_coverageSchema":"43e27e138ebf9cfc5966b082cf9a028302ed4184","hash":"3dba5c363e5499bbe0d87a452609f448c76b422d"}
,"C:\\Users\\Joan Pastor\\Desktop\\FIB APP\\FIB\\static\\fondo2.png": {"path":"C:\\Users\\Joan Pastor\\Desktop\\FIB APP\\FIB\\static\\fondo2.png","statementMap":{"0":{"start":{"line":1,"column":0},"end":{"line":4,"column":6}}},"fnMap":{},"branchMap":{},"s":{"0":1},"f":{},"b":{},"_coverageSchema":"43e27e138ebf9cfc5966b082cf9a028302ed4184","hash":"21b364d31b4fea9e853d5952fa2f395340c43930"}
}
