TN:
SF:C:\Users\Joan Pastor\Desktop\FIB APP\FIB\__stubs__\navigation_stub.js
FN:4,(anonymous_0)
FNF:1
FNH:1
FNDA:1,(anonymous_0)
DA:3,1
DA:6,1
LF:2
LH:2
BRF:0
BRH:0
end_of_record
TN:
SF:C:\Users\Joan Pastor\Desktop\FIB APP\FIB\__stubs__\update_token.js
FN:2,updateToken
FNF:1
FNH:1
FNDA:6,updateToken
DA:3,6
LF:1
LH:1
BRF:0
BRH:0
end_of_record
TN:
SF:C:\Users\Joan Pastor\Desktop\FIB APP\FIB\src\oauth.js
FNF:0
FNH:0
DA:2,9
DA:3,9
DA:4,9
DA:5,9
DA:6,9
DA:7,9
DA:10,9
DA:11,9
DA:12,9
DA:13,9
DA:14,9
DA:15,9
DA:16,9
DA:17,9
DA:18,9
DA:19,9
DA:21,9
DA:23,9
DA:24,9
DA:25,9
DA:26,9
DA:27,9
DA:28,9
DA:29,9
DA:30,9
DA:31,9
DA:32,9
DA:33,9
DA:34,9
DA:36,9
LF:30
LH:30
BRF:0
BRH:0
end_of_record
TN:
SF:C:\Users\Joan Pastor\Desktop\FIB APP\FIB\src\actions\index.js
FN:19,getCode
FN:36,getToken
FN:45,tokenToRedux
FN:58,deleteToken
FN:65,updateConnexion
FN:72,avisosToRedux
FN:79,horariToRedux
FN:86,assigToRedux
FN:93,noticiesToRedux
FN:100,imglabsToRedux
FN:107,storageAvisosToRedux
FN:114,examensToRedux
FN:120,eventsToRedux
FN:126,practiquesToRedux
FN:133,settingsToRedux
FNF:15
FNH:0
FNDA:0,getCode
FNDA:0,getToken
FNDA:0,tokenToRedux
FNDA:0,deleteToken
FNDA:0,updateConnexion
FNDA:0,avisosToRedux
FNDA:0,horariToRedux
FNDA:0,assigToRedux
FNDA:0,noticiesToRedux
FNDA:0,imglabsToRedux
FNDA:0,storageAvisosToRedux
FNDA:0,examensToRedux
FNDA:0,eventsToRedux
FNDA:0,practiquesToRedux
FNDA:0,settingsToRedux
DA:1,7
DA:2,7
DA:3,7
DA:4,7
DA:5,7
DA:6,7
DA:7,7
DA:8,7
DA:9,7
DA:10,7
DA:11,7
DA:12,7
DA:13,7
DA:14,7
DA:15,7
DA:20,0
DA:21,0
DA:22,0
DA:23,0
DA:29,0
DA:39,0
DA:46,0
DA:47,0
DA:52,0
DA:59,0
DA:66,0
DA:73,0
DA:80,0
DA:87,0
DA:94,0
DA:101,0
DA:108,0
DA:115,0
DA:121,0
DA:127,0
DA:134,0
LF:36
LH:15
BRDA:21,0,0,0
BRDA:21,0,1,0
BRDA:46,1,0,0
BRDA:46,1,1,0
BRF:4
BRH:0
end_of_record
TN:
SF:C:\Users\Joan Pastor\Desktop\FIB APP\FIB\src\actions\updateToken.js
FN:7,updateToken
FN:37,(anonymous_1)
FNF:2
FNH:1
FNDA:5,updateToken
FNDA:0,(anonymous_1)
DA:10,5
DA:14,3
DA:15,3
DA:18,2
DA:26,2
DA:27,2
DA:29,1
DA:30,1
DA:33,1
DA:34,1
DA:35,1
DA:37,0
DA:38,1
DA:40,0
DA:45,1
DA:46,1
DA:48,2
LF:17
LH:15
BRDA:10,0,0,3
BRDA:10,0,1,2
BRDA:15,1,0,2
BRDA:15,1,1,1
BRDA:33,2,0,1
BRDA:33,2,1,0
BRF:6
BRH:5
end_of_record
TN:
SF:C:\Users\Joan Pastor\Desktop\FIB APP\FIB\src\components\navigation\Assignatures.js
FN:14,(anonymous_0)
FN:21,(anonymous_1)
FN:25,(anonymous_2)
FN:27,(anonymous_3)
FN:47,(anonymous_4)
FN:66,(anonymous_5)
FN:71,(anonymous_6)
FN:87,(anonymous_7)
FN:88,(anonymous_8)
FN:130,(anonymous_9)
FN:133,(anonymous_10)
FN:134,(anonymous_11)
FN:137,(anonymous_12)
FN:140,(anonymous_13)
FN:146,(anonymous_14)
FN:163,mapStateToProps
FNF:16
FNH:12
FNDA:6,(anonymous_0)
FNDA:6,(anonymous_1)
FNDA:3,(anonymous_2)
FNDA:9,(anonymous_3)
FNDA:6,(anonymous_4)
FNDA:10,(anonymous_5)
FNDA:0,(anonymous_6)
FNDA:0,(anonymous_7)
FNDA:0,(anonymous_8)
FNDA:3,(anonymous_9)
FNDA:2,(anonymous_10)
FNDA:2,(anonymous_11)
FNDA:1,(anonymous_12)
FNDA:1,(anonymous_13)
FNDA:7,(anonymous_14)
FNDA:0,mapStateToProps
DA:15,6
DA:16,6
DA:18,6
DA:22,6
DA:26,3
DA:27,3
DA:28,9
DA:29,3
DA:36,6
DA:44,3
DA:48,6
DA:49,6
DA:50,0
DA:57,6
DA:59,6
DA:60,6
DA:65,6
DA:66,6
DA:67,10
DA:72,0
DA:73,0
DA:87,0
DA:88,0
DA:127,6
DA:131,3
DA:133,2
DA:134,2
DA:135,2
DA:138,1
DA:139,1
DA:147,7
DA:148,4
DA:154,3
DA:164,0
LF:34
LH:28
BRDA:28,0,0,3
BRDA:28,0,1,6
BRDA:49,1,0,0
BRDA:49,1,1,6
BRDA:81,2,0,10
BRDA:81,2,1,0
BRDA:86,3,0,10
BRDA:86,3,1,1
BRDA:104,4,0,9
BRDA:104,4,1,1
BRDA:109,5,0,1
BRDA:109,5,1,9
BRDA:114,6,0,1
BRDA:114,6,1,9
BRDA:131,7,0,2
BRDA:131,7,1,1
BRDA:131,8,0,3
BRDA:131,8,1,3
BRDA:147,9,0,4
BRDA:147,9,1,3
BRDA:147,10,0,7
BRDA:147,10,1,7
BRF:22
BRH:20
end_of_record
TN:
SF:C:\Users\Joan Pastor\Desktop\FIB APP\FIB\src\components\navigation\Avisos.js
FN:19,(anonymous_0)
FN:28,(anonymous_1)
FN:32,(anonymous_2)
FN:37,(anonymous_3)
FN:55,(anonymous_4)
FN:59,(anonymous_5)
FN:67,(anonymous_6)
FN:79,(anonymous_7)
FN:83,(anonymous_8)
FN:84,(anonymous_9)
FN:86,(anonymous_10)
FN:92,(anonymous_11)
FN:95,(anonymous_12)
FN:113,(anonymous_13)
FN:116,(anonymous_14)
FN:118,(anonymous_15)
FN:119,(anonymous_16)
FN:119,(anonymous_17)
FN:134,(anonymous_18)
FN:142,(anonymous_19)
FN:163,(anonymous_20)
FN:176,(anonymous_21)
FN:225,(anonymous_22)
FN:241,(anonymous_23)
FN:249,(anonymous_24)
FN:250,(anonymous_25)
FN:269,(anonymous_26)
FN:304,(anonymous_27)
FN:306,(anonymous_28)
FN:309,(anonymous_29)
FN:313,(anonymous_30)
FN:314,(anonymous_31)
FN:317,(anonymous_32)
FN:329,(anonymous_33)
FN:355,mapStateToProps
FNF:35
FNH:19
FNDA:15,(anonymous_0)
FNDA:10,(anonymous_1)
FNDA:47,(anonymous_2)
FNDA:0,(anonymous_3)
FNDA:11,(anonymous_4)
FNDA:28,(anonymous_5)
FNDA:35,(anonymous_6)
FNDA:7,(anonymous_7)
FNDA:0,(anonymous_8)
FNDA:0,(anonymous_9)
FNDA:0,(anonymous_10)
FNDA:2,(anonymous_11)
FNDA:0,(anonymous_12)
FNDA:13,(anonymous_13)
FNDA:6,(anonymous_14)
FNDA:0,(anonymous_15)
FNDA:0,(anonymous_16)
FNDA:0,(anonymous_17)
FNDA:0,(anonymous_18)
FNDA:0,(anonymous_19)
FNDA:8,(anonymous_20)
FNDA:41,(anonymous_21)
FNDA:10,(anonymous_22)
FNDA:0,(anonymous_23)
FNDA:0,(anonymous_24)
FNDA:0,(anonymous_25)
FNDA:0,(anonymous_26)
FNDA:2,(anonymous_27)
FNDA:2,(anonymous_28)
FNDA:1,(anonymous_29)
FNDA:1,(anonymous_30)
FNDA:0,(anonymous_31)
FNDA:1,(anonymous_32)
FNDA:17,(anonymous_33)
FNDA:0,mapStateToProps
DA:20,15
DA:21,15
DA:24,15
DA:25,15
DA:29,10
DA:30,10
DA:31,10
DA:32,10
DA:33,47
DA:34,47
DA:37,0
DA:46,10
DA:58,11
DA:59,11
DA:60,28
DA:61,25
DA:67,11
DA:70,35
DA:71,0
DA:72,35
DA:73,8
DA:74,35
DA:76,11
DA:80,7
DA:83,0
DA:84,0
DA:86,0
DA:94,2
DA:96,0
DA:114,13
DA:115,13
DA:116,4
DA:117,6
DA:119,0
DA:121,0
DA:135,0
DA:137,0
DA:140,0
DA:142,0
DA:153,4
DA:160,9
DA:164,8
DA:165,8
DA:166,8
DA:167,8
DA:168,8
DA:169,8
DA:172,0
DA:177,41
DA:178,40
DA:179,39
DA:180,38
DA:182,37
DA:183,36
DA:184,35
DA:185,34
DA:186,33
DA:187,32
DA:188,31
DA:189,30
DA:190,29
DA:191,28
DA:192,27
DA:193,26
DA:195,25
DA:196,24
DA:197,23
DA:198,22
DA:199,21
DA:200,20
DA:201,19
DA:202,18
DA:203,17
DA:204,16
DA:206,15
DA:207,14
DA:208,13
DA:209,12
DA:210,11
DA:211,10
DA:212,9
DA:213,8
DA:214,7
DA:215,6
DA:217,5
DA:218,4
DA:219,3
DA:220,2
DA:222,1
DA:227,10
DA:228,10
DA:232,10
DA:233,10
DA:234,10
DA:235,10
DA:236,4
DA:241,0
DA:243,4
DA:244,4
DA:246,10
DA:249,0
DA:250,0
DA:270,0
DA:271,0
DA:278,0
DA:281,0
DA:284,0
DA:286,0
DA:287,0
DA:294,0
DA:297,0
DA:300,0
DA:305,2
DA:306,2
DA:307,2
DA:310,1
DA:311,1
DA:312,1
DA:313,1
DA:314,0
DA:318,1
DA:331,17
DA:332,7
DA:340,10
DA:341,0
DA:347,10
DA:356,0
LF:127
LH:98
BRDA:36,0,0,10
BRDA:36,0,1,37
BRDA:60,1,0,25
BRDA:60,1,1,3
BRDA:60,2,0,28
BRDA:60,2,1,7
BRDA:70,3,0,35
BRDA:70,3,1,0
BRDA:72,4,0,27
BRDA:72,4,1,8
BRDA:74,5,0,22
BRDA:74,5,1,13
BRDA:74,6,0,0
BRDA:74,6,1,13
BRDA:102,7,0,1
BRDA:102,7,1,1
BRDA:115,8,0,4
BRDA:115,8,1,9
BRDA:135,9,0,0
BRDA:135,9,1,0
BRDA:177,10,0,1
BRDA:177,10,1,40
BRDA:178,11,0,1
BRDA:178,11,1,39
BRDA:179,12,0,1
BRDA:179,12,1,38
BRDA:180,13,0,1
BRDA:180,13,1,37
BRDA:182,14,0,1
BRDA:182,14,1,36
BRDA:183,15,0,1
BRDA:183,15,1,35
BRDA:184,16,0,1
BRDA:184,16,1,34
BRDA:185,17,0,1
BRDA:185,17,1,33
BRDA:186,18,0,1
BRDA:186,18,1,32
BRDA:187,19,0,1
BRDA:187,19,1,31
BRDA:188,20,0,1
BRDA:188,20,1,30
BRDA:189,21,0,1
BRDA:189,21,1,29
BRDA:190,22,0,1
BRDA:190,22,1,28
BRDA:191,23,0,1
BRDA:191,23,1,27
BRDA:192,24,0,1
BRDA:192,24,1,26
BRDA:193,25,0,1
BRDA:193,25,1,25
BRDA:195,26,0,1
BRDA:195,26,1,24
BRDA:196,27,0,1
BRDA:196,27,1,23
BRDA:197,28,0,1
BRDA:197,28,1,22
BRDA:198,29,0,1
BRDA:198,29,1,21
BRDA:199,30,0,1
BRDA:199,30,1,20
BRDA:200,31,0,1
BRDA:200,31,1,19
BRDA:201,32,0,1
BRDA:201,32,1,18
BRDA:202,33,0,1
BRDA:202,33,1,17
BRDA:203,34,0,1
BRDA:203,34,1,16
BRDA:204,35,0,1
BRDA:204,35,1,15
BRDA:206,36,0,1
BRDA:206,36,1,14
BRDA:207,37,0,1
BRDA:207,37,1,13
BRDA:208,38,0,1
BRDA:208,38,1,12
BRDA:209,39,0,1
BRDA:209,39,1,11
BRDA:210,40,0,1
BRDA:210,40,1,10
BRDA:211,41,0,1
BRDA:211,41,1,9
BRDA:212,42,0,1
BRDA:212,42,1,8
BRDA:213,43,0,1
BRDA:213,43,1,7
BRDA:214,44,0,1
BRDA:214,44,1,6
BRDA:215,45,0,1
BRDA:215,45,1,5
BRDA:217,46,0,1
BRDA:217,46,1,4
BRDA:218,47,0,1
BRDA:218,47,1,3
BRDA:219,48,0,1
BRDA:219,48,1,2
BRDA:220,49,0,1
BRDA:220,49,1,1
BRDA:228,50,0,10
BRDA:228,50,1,0
BRDA:235,51,0,4
BRDA:235,51,1,6
BRDA:278,52,0,0
BRDA:278,52,1,0
BRDA:294,53,0,0
BRDA:294,53,1,0
BRDA:331,54,0,7
BRDA:331,54,1,10
BRDA:331,55,0,17
BRDA:331,55,1,17
BRDA:331,55,2,17
BRDA:340,56,0,0
BRDA:340,56,1,10
BRDA:340,57,0,10
BRDA:340,57,1,10
BRF:117
BRH:107
end_of_record
TN:
SF:C:\Users\Joan Pastor\Desktop\FIB APP\FIB\src\components\navigation\Drawer.js
FN:13,(anonymous_0)
FN:20,(anonymous_1)
FN:43,(anonymous_2)
FN:48,(anonymous_3)
FN:55,(anonymous_4)
FN:63,(anonymous_5)
FN:69,(anonymous_6)
FN:75,(anonymous_7)
FN:81,(anonymous_8)
FN:87,(anonymous_9)
FN:93,(anonymous_10)
FN:99,(anonymous_11)
FN:116,mapStateToProps
FNF:13
FNH:4
FNDA:1,(anonymous_0)
FNDA:4,(anonymous_1)
FNDA:4,(anonymous_2)
FNDA:0,(anonymous_3)
FNDA:4,(anonymous_4)
FNDA:0,(anonymous_5)
FNDA:0,(anonymous_6)
FNDA:0,(anonymous_7)
FNDA:0,(anonymous_8)
FNDA:0,(anonymous_9)
FNDA:0,(anonymous_10)
FNDA:0,(anonymous_11)
FNDA:0,mapStateToProps
DA:14,1
DA:15,1
DA:18,1
DA:21,4
DA:44,4
DA:45,1
DA:46,1
DA:49,0
DA:50,0
DA:56,4
DA:57,4
DA:63,0
DA:69,0
DA:75,0
DA:81,0
DA:87,0
DA:93,0
DA:99,0
DA:117,0
LF:19
LH:9
BRDA:25,0,0,3
BRDA:25,0,1,1
BRDA:34,1,0,2
BRDA:34,1,1,2
BRDA:44,2,0,1
BRDA:44,2,1,3
BRDA:44,3,0,4
BRDA:44,3,1,2
BRF:8
BRH:8
end_of_record
TN:
SF:C:\Users\Joan Pastor\Desktop\FIB APP\FIB\src\components\navigation\Events.js
FN:10,(anonymous_0)
FN:11,(anonymous_1)
FN:12,(anonymous_2)
FN:13,(anonymous_3)
FN:14,(anonymous_4)
FN:26,(anonymous_5)
FN:28,(anonymous_6)
FN:28,(anonymous_7)
FN:81,(anonymous_8)
FN:82,(anonymous_9)
FN:106,(anonymous_10)
FN:116,(anonymous_11)
FN:125,(anonymous_12)
FN:134,(anonymous_13)
FN:172,mapStateToProps
FNF:15
FNH:13
FNDA:9,(anonymous_0)
FNDA:10,(anonymous_1)
FNDA:543,(anonymous_2)
FNDA:1800,(anonymous_3)
FNDA:4,(anonymous_4)
FNDA:9,(anonymous_5)
FNDA:74,(anonymous_6)
FNDA:24,(anonymous_7)
FNDA:9,(anonymous_8)
FNDA:23,(anonymous_9)
FNDA:8,(anonymous_10)
FNDA:2,(anonymous_11)
FNDA:7,(anonymous_12)
FNDA:0,(anonymous_13)
FNDA:0,mapStateToProps
DA:11,10
DA:12,9
DA:13,1800
DA:15,4
DA:23,9
DA:27,9
DA:28,74
DA:29,24
DA:30,4
DA:36,4
DA:43,20
DA:44,4
DA:45,4
DA:46,4
DA:48,10
DA:49,10
DA:50,10
DA:51,10
DA:52,10
DA:53,10
DA:54,10
DA:61,4
DA:69,16
DA:76,9
DA:78,9
DA:82,9
DA:85,23
DA:86,23
DA:87,1
DA:88,0
DA:90,9
DA:108,8
DA:110,8
DA:112,8
DA:113,8
DA:117,2
DA:118,2
DA:119,2
DA:121,0
DA:126,7
DA:127,0
DA:134,7
DA:135,0
DA:136,0
DA:143,0
DA:144,0
DA:151,0
DA:152,0
DA:159,0
DA:162,7
DA:173,0
LF:51
LH:40
BRDA:28,0,0,74
BRDA:28,0,1,58
BRDA:28,0,2,56
BRDA:28,0,3,54
BRDA:28,0,4,54
BRDA:28,0,5,52
BRDA:29,1,0,4
BRDA:29,1,1,20
BRDA:29,2,0,24
BRDA:29,2,1,8
BRDA:43,3,0,4
BRDA:43,3,1,16
BRDA:43,4,0,20
BRDA:43,4,1,4
BRDA:52,5,0,10
BRDA:52,5,1,0
BRDA:53,6,0,6
BRDA:53,6,1,4
BRDA:86,7,0,22
BRDA:86,7,1,1
BRDA:87,8,0,1
BRDA:87,8,1,0
BRDA:126,9,0,0
BRDA:126,9,1,7
BRDA:126,10,0,7
BRDA:126,10,1,7
BRDA:135,11,0,0
BRDA:135,11,1,0
BRDA:139,12,0,0
BRDA:139,12,1,0
BRDA:143,13,0,0
BRDA:143,13,1,0
BRDA:151,14,0,0
BRDA:151,14,1,0
BRF:34
BRH:23
end_of_record
TN:
SF:C:\Users\Joan Pastor\Desktop\FIB APP\FIB\src\components\navigation\ExternalLinks.js
FN:12,(anonymous_0)
FN:21,(anonymous_1)
FN:26,(anonymous_2)
FN:36,(anonymous_3)
FN:39,(anonymous_4)
FN:42,(anonymous_5)
FN:45,(anonymous_6)
FN:55,(anonymous_7)
FN:58,(anonymous_8)
FN:61,(anonymous_9)
FN:64,(anonymous_10)
FN:67,(anonymous_11)
FN:70,(anonymous_12)
FN:83,mapStateToProps
FNF:14
FNH:2
FNDA:1,(anonymous_0)
FNDA:0,(anonymous_1)
FNDA:0,(anonymous_2)
FNDA:0,(anonymous_3)
FNDA:0,(anonymous_4)
FNDA:0,(anonymous_5)
FNDA:0,(anonymous_6)
FNDA:0,(anonymous_7)
FNDA:0,(anonymous_8)
FNDA:0,(anonymous_9)
FNDA:0,(anonymous_10)
FNDA:0,(anonymous_11)
FNDA:0,(anonymous_12)
FNDA:1,mapStateToProps
DA:8,1
DA:14,1
DA:21,0
DA:26,0
DA:36,0
DA:39,0
DA:42,0
DA:45,0
DA:55,0
DA:58,0
DA:61,0
DA:64,0
DA:67,0
DA:70,0
DA:84,1
LF:15
LH:3
BRF:0
BRH:0
end_of_record
TN:
SF:C:\Users\Joan Pastor\Desktop\FIB APP\FIB\src\components\navigation\Feedback.js
FN:13,(anonymous_0)
FN:16,(anonymous_1)
FN:19,(anonymous_2)
FN:23,(anonymous_3)
FNF:4
FNH:1
FNDA:0,(anonymous_0)
FNDA:0,(anonymous_1)
FNDA:0,(anonymous_2)
FNDA:1,(anonymous_3)
DA:14,0
DA:16,0
DA:20,0
DA:24,1
DA:25,1
LF:5
LH:2
BRF:0
BRH:0
end_of_record
TN:
SF:C:\Users\Joan Pastor\Desktop\FIB APP\FIB\src\components\navigation\Horari.js
FN:9,(anonymous_0)
FN:15,(anonymous_1)
FN:62,(anonymous_2)
FN:72,(anonymous_3)
FN:93,(anonymous_4)
FN:114,(anonymous_5)
FN:124,(anonymous_6)
FN:130,(anonymous_7)
FN:139,(anonymous_8)
FN:147,(anonymous_9)
FN:158,(anonymous_10)
FN:162,(anonymous_11)
FN:176,mapStateToProps
FNF:13
FNH:9
FNDA:11,(anonymous_0)
FNDA:11,(anonymous_1)
FNDA:14,(anonymous_2)
FNDA:25,(anonymous_3)
FNDA:11,(anonymous_4)
FNDA:722,(anonymous_5)
FNDA:12,(anonymous_6)
FNDA:0,(anonymous_7)
FNDA:0,(anonymous_8)
FNDA:0,(anonymous_9)
FNDA:3,(anonymous_10)
FNDA:5,(anonymous_11)
FNDA:0,mapStateToProps
DA:10,11
DA:12,11
DA:17,11
DA:34,11
DA:35,11
DA:37,11
DA:38,11
DA:39,7
DA:41,11
DA:42,11
DA:43,11
DA:45,11
DA:63,14
DA:64,14
DA:65,14
DA:66,14
DA:67,14
DA:68,14
DA:69,14
DA:70,14
DA:71,14
DA:72,10
DA:73,25
DA:74,17
DA:75,17
DA:77,25
DA:78,50
DA:79,44
DA:81,6
DA:82,0
DA:85,6
DA:90,14
DA:94,11
DA:95,11
DA:96,11
DA:98,11
DA:99,11
DA:100,143
DA:101,143
DA:111,11
DA:117,722
DA:118,722
DA:119,0
DA:121,722
DA:122,37
DA:123,6
DA:124,6
DA:125,12
DA:129,6
DA:130,0
DA:137,31
DA:138,20
DA:139,0
DA:146,11
DA:147,0
DA:155,685
DA:159,3
DA:160,2
DA:161,2
DA:162,2
DA:163,5
DA:164,3
DA:166,5
DA:168,2
DA:171,1
DA:177,0
LF:66
LH:60
BRDA:35,0,0,0
BRDA:35,0,1,11
BRDA:38,1,0,7
BRDA:38,1,1,4
BRDA:38,2,0,11
BRDA:38,2,1,7
BRDA:71,3,0,10
BRDA:71,3,1,4
BRDA:71,4,0,14
BRDA:71,4,1,14
BRDA:73,5,0,17
BRDA:73,5,1,8
BRDA:78,6,0,44
BRDA:78,6,1,6
BRDA:81,7,0,0
BRDA:81,7,1,6
BRDA:96,8,0,0
BRDA:96,8,1,11
BRDA:100,9,0,77
BRDA:100,9,1,66
BRDA:118,10,0,0
BRDA:118,10,1,722
BRDA:121,11,0,37
BRDA:121,11,1,685
BRDA:122,12,0,6
BRDA:122,12,1,31
BRDA:137,13,0,20
BRDA:137,13,1,11
BRDA:137,14,0,31
BRDA:137,14,1,31
BRDA:150,15,0,11
BRDA:150,15,1,0
BRDA:159,16,0,2
BRDA:159,16,1,1
BRDA:163,17,0,3
BRDA:163,17,1,2
BRF:36
BRH:31
end_of_record
TN:
SF:C:\Users\Joan Pastor\Desktop\FIB APP\FIB\src\components\navigation\Labs.js
FN:11,(anonymous_0)
FN:16,(anonymous_1)
FN:20,(anonymous_2)
FN:21,(anonymous_3)
FN:24,(anonymous_4)
FN:29,(anonymous_5)
FN:46,(anonymous_6)
FN:50,(anonymous_7)
FN:60,mapStateToProps
FNF:9
FNH:6
FNDA:1,(anonymous_0)
FNDA:1,(anonymous_1)
FNDA:1,(anonymous_2)
FNDA:0,(anonymous_3)
FNDA:2,(anonymous_4)
FNDA:6,(anonymous_5)
FNDA:2,(anonymous_6)
FNDA:0,(anonymous_7)
FNDA:0,mapStateToProps
DA:12,1
DA:13,1
DA:17,1
DA:21,1
DA:25,2
DA:26,2
DA:27,2
DA:28,2
DA:29,2
DA:30,6
DA:43,2
DA:47,2
DA:50,0
DA:61,0
LF:14
LH:12
BRDA:28,0,0,2
BRDA:28,0,1,0
BRF:2
BRH:1
end_of_record
TN:
SF:C:\Users\Joan Pastor\Desktop\FIB APP\FIB\src\components\navigation\Noticies.js
FN:17,(anonymous_0)
FN:26,(anonymous_1)
FN:32,(anonymous_2)
FN:54,(anonymous_3)
FN:57,(anonymous_4)
FN:88,(anonymous_5)
FN:90,(anonymous_6)
FN:93,(anonymous_7)
FN:93,(anonymous_8)
FN:94,(anonymous_9)
FN:97,(anonymous_10)
FN:107,(anonymous_11)
FN:112,(anonymous_12)
FN:113,(anonymous_13)
FN:115,(anonymous_14)
FN:120,(anonymous_15)
FN:121,(anonymous_16)
FN:125,(anonymous_17)
FN:133,(anonymous_18)
FN:142,mapStateToProps
FNF:20
FNH:9
FNDA:7,(anonymous_0)
FNDA:1,(anonymous_1)
FNDA:0,(anonymous_2)
FNDA:11,(anonymous_3)
FNDA:26,(anonymous_4)
FNDA:2,(anonymous_5)
FNDA:2,(anonymous_6)
FNDA:1,(anonymous_7)
FNDA:1,(anonymous_8)
FNDA:0,(anonymous_9)
FNDA:0,(anonymous_10)
FNDA:8,(anonymous_11)
FNDA:0,(anonymous_12)
FNDA:0,(anonymous_13)
FNDA:0,(anonymous_14)
FNDA:0,(anonymous_15)
FNDA:0,(anonymous_16)
FNDA:0,(anonymous_17)
FNDA:0,(anonymous_18)
FNDA:0,mapStateToProps
DA:18,7
DA:19,7
DA:22,7
DA:23,7
DA:27,1
DA:28,1
DA:29,1
DA:30,1
DA:32,0
DA:55,11
DA:56,11
DA:57,11
DA:59,26
DA:60,26
DA:61,26
DA:64,26
DA:65,26
DA:66,26
DA:69,26
DA:70,26
DA:71,26
DA:74,26
DA:85,11
DA:89,2
DA:90,2
DA:91,2
DA:93,1
DA:94,0
DA:99,0
DA:108,8
DA:112,0
DA:113,0
DA:115,0
DA:120,0
DA:121,0
DA:125,0
DA:133,0
DA:143,0
LF:38
LH:27
BRDA:56,0,0,11
BRDA:56,0,1,0
BRF:2
BRH:1
end_of_record
TN:
SF:C:\Users\Joan Pastor\Desktop\FIB APP\FIB\src\components\navigation\SalesBibl.js
FN:12,(anonymous_0)
FN:24,mapStateToProps
FNF:2
FNH:2
FNDA:1,(anonymous_0)
FNDA:1,mapStateToProps
DA:13,1
DA:25,1
LF:2
LH:2
BRF:0
BRH:0
end_of_record
TN:
SF:C:\Users\Joan Pastor\Desktop\FIB APP\FIB\static\fondo2.png
FNF:0
FNH:0
DA:1,1
LF:1
LH:1
BRF:0
BRH:0
end_of_record
